# JRE version: Java(TM) SE Runtime Environment (8.0_111-b14) (build 1.8.0_111-b14)
# Java VM: Java HotSpot(TM) 64-Bit Server VM (25.111-b14 mixed mode bsd-amd64 compressed oops)
Heap:
 PSYoungGen      total 161792K, used 68588K [0x0000000795580000, 0x00000007a2e80000, 0x00000007c0000000)
  eden space 147968K, 46% used [0x0000000795580000,0x000000079984b1d0,0x000000079e600000)
  from space 13824K, 1% used [0x000000079e600000,0x000000079e630000,0x000000079f380000)
  to   space 14336K, 0% used [0x00000007a2080000,0x00000007a2080000,0x00000007a2e80000)
 ParOldGen       total 54272K, used 27823K [0x0000000740000000, 0x0000000743500000, 0x0000000795580000)
  object space 54272K, 51% used [0x0000000740000000,0x0000000741b2be48,0x0000000743500000)
 Metaspace       used 24251K, capacity 24501K, committed 24832K, reserved 1071104K
  class space    used 2421K, capacity 2517K, committed 2560K, reserved 1048576K
GC Heap History (10 events):
Event: 6.041 GC heap before
{Heap before GC invocations=6 (full 1):
 PSYoungGen      total 61440K, used 61252K [0x0000000795580000, 0x000000079a080000, 0x00000007c0000000)
  eden space 56320K, 99% used [0x0000000795580000,0x0000000798c53b18,0x0000000798c80000)
  from space 5120K, 99% used [0x0000000799b80000,0x000000079a07d590,0x000000079a080000)
  to   space 5120K, 0% used [0x0000000799680000,0x0000000799680000,0x0000000799b80000)
 ParOldGen       total 54272K, used 16791K [0x0000000740000000, 0x0000000743500000, 0x0000000795580000)
  object space 54272K, 30% used [0x0000000740000000,0x0000000741065cd8,0x0000000743500000)
 Metaspace       used 24001K, capacity 24297K, committed 24576K, reserved 1071104K
  class space    used 2411K, capacity 2515K, committed 2560K, reserved 1048576K
Event: 6.048 GC heap after
Heap after GC invocations=6 (full 1):
 PSYoungGen      total 71680K, used 5088K [0x0000000795580000, 0x000000079ce80000, 0x00000007c0000000)
  eden space 66560K, 0% used [0x0000000795580000,0x0000000795580000,0x0000000799680000)
  from space 5120K, 99% used [0x0000000799680000,0x0000000799b78180,0x0000000799b80000)
  to   space 14848K, 0% used [0x000000079c000000,0x000000079c000000,0x000000079ce80000)
 ParOldGen       total 54272K, used 22804K [0x0000000740000000, 0x0000000743500000, 0x0000000795580000)
  object space 54272K, 42% used [0x0000000740000000,0x00000007416452c8,0x0000000743500000)
 Metaspace       used 24001K, capacity 24297K, committed 24576K, reserved 1071104K
  class space    used 2411K, capacity 2515K, committed 2560K, reserved 1048576K
}
Event: 6.524 GC heap before
{Heap before GC invocations=7 (full 1):
 PSYoungGen      total 71680K, used 71648K [0x0000000795580000, 0x000000079ce80000, 0x00000007c0000000)
  eden space 66560K, 100% used [0x0000000795580000,0x0000000799680000,0x0000000799680000)
  from space 5120K, 99% used [0x0000000799680000,0x0000000799b78180,0x0000000799b80000)
  to   space 14848K, 0% used [0x000000079c000000,0x000000079c000000,0x000000079ce80000)
 ParOldGen       total 54272K, used 22804K [0x0000000740000000, 0x0000000743500000, 0x0000000795580000)
  object space 54272K, 42% used [0x0000000740000000,0x00000007416452c8,0x0000000743500000)
 Metaspace       used 24038K, capacity 24303K, committed 24576K, reserved 1071104K
  class space    used 2412K, capacity 2516K, committed 2560K, reserved 1048576K
Event: 6.528 GC heap after
Heap after GC invocations=7 (full 1):
 PSYoungGen      total 109568K, used 5120K [0x0000000795580000, 0x000000079dc00000, 0x00000007c0000000)
  eden space 94720K, 0% used [0x0000000795580000,0x0000000795580000,0x000000079b200000)
  from space 14848K, 34% used [0x000000079c000000,0x000000079c500180,0x000000079ce80000)
  to   space 14336K, 0% used [0x000000079b200000,0x000000079b200000,0x000000079c000000)
 ParOldGen       total 54272K, used 22812K [0x0000000740000000, 0x0000000743500000, 0x0000000795580000)
  object space 54272K, 42% used [0x0000000740000000,0x00000007416472c8,0x0000000743500000)
 Metaspace       used 24038K, capacity 24303K, committed 24576K, reserved 1071104K
  class space    used 2412K, capacity 2516K, committed 2560K, reserved 1048576K
}
Event: 7.249 GC heap before
{Heap before GC invocations=8 (full 1):
 PSYoungGen      total 109568K, used 99840K [0x0000000795580000, 0x000000079dc00000, 0x00000007c0000000)
  eden space 94720K, 100% used [0x0000000795580000,0x000000079b200000,0x000000079b200000)
  from space 14848K, 34% used [0x000000079c000000,0x000000079c500180,0x000000079ce80000)
  to   space 14336K, 0% used [0x000000079b200000,0x000000079b200000,0x000000079c000000)
 ParOldGen       total 54272K, used 22812K [0x0000000740000000, 0x0000000743500000, 0x0000000795580000)
  object space 54272K, 42% used [0x0000000740000000,0x00000007416472c8,0x0000000743500000)
 Metaspace       used 24086K, capacity 24367K, committed 24576K, reserved 1071104K
  class space    used 2413K, capacity 2516K, committed 2560K, reserved 1048576K
Event: 7.253 GC heap after
Heap after GC invocations=8 (full 1):
 PSYoungGen      total 109056K, used 5184K [0x0000000795580000, 0x00000007a0400000, 0x00000007c0000000)
  eden space 94720K, 0% used [0x0000000795580000,0x0000000795580000,0x000000079b200000)
  from space 14336K, 36% used [0x000000079b200000,0x000000079b710180,0x000000079c000000)
  to   space 13824K, 0% used [0x000000079f680000,0x000000079f680000,0x00000007a0400000)
 ParOldGen       total 54272K, used 22820K [0x0000000740000000, 0x0000000743500000, 0x0000000795580000)
  object space 54272K, 42% used [0x0000000740000000,0x00000007416492c8,0x0000000743500000)
 Metaspace       used 24086K, capacity 24367K, committed 24576K, reserved 1071104K
  class space    used 2413K, capacity 2516K, committed 2560K, reserved 1048576K
}
Event: 7.885 GC heap before
{Heap before GC invocations=9 (full 1):
 PSYoungGen      total 109056K, used 99904K [0x0000000795580000, 0x00000007a0400000, 0x00000007c0000000)
  eden space 94720K, 100% used [0x0000000795580000,0x000000079b200000,0x000000079b200000)
  from space 14336K, 36% used [0x000000079b200000,0x000000079b710180,0x000000079c000000)
  to   space 13824K, 0% used [0x000000079f680000,0x000000079f680000,0x00000007a0400000)
 ParOldGen       total 54272K, used 22820K [0x0000000740000000, 0x0000000743500000, 0x0000000795580000)
  object space 54272K, 42% used [0x0000000740000000,0x00000007416492c8,0x0000000743500000)
 Metaspace       used 24139K, capacity 24373K, committed 24576K, reserved 1071104K
  class space    used 2414K, capacity 2517K, committed 2560K, reserved 1048576K
Event: 7.889 GC heap after
Heap after GC invocations=9 (full 1):
 PSYoungGen      total 158720K, used 4576K [0x0000000795580000, 0x00000007a0100000, 0x00000007c0000000)
  eden space 147968K, 0% used [0x0000000795580000,0x0000000795580000,0x000000079e600000)
  from space 10752K, 42% used [0x000000079f680000,0x000000079faf8160,0x00000007a0100000)
  to   space 13824K, 0% used [0x000000079e600000,0x000000079e600000,0x000000079f380000)
 ParOldGen       total 54272K, used 23431K [0x0000000740000000, 0x0000000743500000, 0x0000000795580000)
  object space 54272K, 43% used [0x0000000740000000,0x00000007416e1c38,0x0000000743500000)
 Metaspace       used 24139K, capacity 24373K, committed 24576K, reserved 1071104K
  class space    used 2414K, capacity 2517K, committed 2560K, reserved 1048576K
}
Event: 8.877 GC heap before
{Heap before GC invocations=10 (full 1):
 PSYoungGen      total 158720K, used 152544K [0x0000000795580000, 0x00000007a0100000, 0x00000007c0000000)
  eden space 147968K, 100% used [0x0000000795580000,0x000000079e600000,0x000000079e600000)
  from space 10752K, 42% used [0x000000079f680000,0x000000079faf8160,0x00000007a0100000)
  to   space 13824K, 0% used [0x000000079e600000,0x000000079e600000,0x000000079f380000)
 ParOldGen       total 54272K, used 23431K [0x0000000740000000, 0x0000000743500000, 0x0000000795580000)
  object space 54272K, 43% used [0x0000000740000000,0x00000007416e1c38,0x0000000743500000)
 Metaspace       used 24196K, capacity 24501K, committed 24832K, reserved 1071104K
  class space    used 2414K, capacity 2517K, committed 2560K, reserved 1048576K
Event: 8.880 GC heap after
Heap after GC invocations=10 (full 1):
 PSYoungGen      total 161792K, used 192K [0x0000000795580000, 0x00000007a2e80000, 0x00000007c0000000)
  eden space 147968K, 0% used [0x0000000795580000,0x0000000795580000,0x000000079e600000)
  from space 13824K, 1% used [0x000000079e600000,0x000000079e630000,0x000000079f380000)
  to   space 14336K, 0% used [0x00000007a2080000,0x00000007a2080000,0x00000007a2e80000)
 ParOldGen       total 54272K, used 27823K [0x0000000740000000, 0x0000000743500000, 0x0000000795580000)
  object space 54272K, 51% used [0x0000000740000000,0x0000000741b2be48,0x0000000743500000)
 Metaspace       used 24196K, capacity 24501K, committed 24832K, reserved 1071104K
  class space    used 2414K, capacity 2517K, committed 2560K, reserved 1048576K
}

