# JRE version: Java(TM) SE Runtime Environment (8.0_111-b14) (build 1.8.0_111-b14)
# Java VM: Java HotSpot(TM) 64-Bit Server VM (25.111-b14 mixed mode bsd-amd64 compressed oops)
Heap:
 PSYoungGen      total 110080K, used 60647K [0x0000000795580000, 0x00000007a0700000, 0x00000007c0000000)
  eden space 95232K, 58% used [0x0000000795580000,0x0000000798ba71f8,0x000000079b280000)
  from space 14848K, 34% used [0x000000079b280000,0x000000079b792ae0,0x000000079c100000)
  to   space 14336K, 0% used [0x000000079f900000,0x000000079f900000,0x00000007a0700000)
 ParOldGen       total 53760K, used 21541K [0x0000000740000000, 0x0000000743480000, 0x0000000795580000)
  object space 53760K, 40% used [0x0000000740000000,0x0000000741509780,0x0000000743480000)
 Metaspace       used 24146K, capacity 24367K, committed 24576K, reserved 1071104K
  class space    used 2421K, capacity 2516K, committed 2560K, reserved 1048576K
GC Heap History (10 events):
Event: 3.549 GC heap before
{Heap before GC invocations=4 (full 1):
 PSYoungGen      total 38400K, used 5117K [0x0000000795580000, 0x000000079a080000, 0x00000007c0000000)
  eden space 33280K, 0% used [0x0000000795580000,0x0000000795580000,0x0000000797600000)
  from space 5120K, 99% used [0x0000000797600000,0x0000000797aff418,0x0000000797b00000)
  to   space 5120K, 0% used [0x0000000799b80000,0x0000000799b80000,0x000000079a080000)
 ParOldGen       total 87552K, used 4135K [0x0000000740000000, 0x0000000745580000, 0x0000000795580000)
  object space 87552K, 4% used [0x0000000740000000,0x0000000740409ff0,0x0000000745580000)
 Metaspace       used 20908K, capacity 21139K, committed 21248K, reserved 1069056K
  class space    used 2151K, capacity 2256K, committed 2304K, reserved 1048576K
Event: 3.586 GC heap after
Heap after GC invocations=4 (full 1):
 PSYoungGen      total 38400K, used 0K [0x0000000795580000, 0x000000079a080000, 0x00000007c0000000)
  eden space 33280K, 0% used [0x0000000795580000,0x0000000795580000,0x0000000797600000)
  from space 5120K, 0% used [0x0000000797600000,0x0000000797600000,0x0000000797b00000)
  to   space 5120K, 0% used [0x0000000799b80000,0x0000000799b80000,0x000000079a080000)
 ParOldGen       total 53760K, used 7622K [0x0000000740000000, 0x0000000743480000, 0x0000000795580000)
  object space 53760K, 14% used [0x0000000740000000,0x0000000740771868,0x0000000743480000)
 Metaspace       used 20908K, capacity 21139K, committed 21248K, reserved 1069056K
  class space    used 2151K, capacity 2256K, committed 2304K, reserved 1048576K
}
Event: 5.102 GC heap before
{Heap before GC invocations=5 (full 1):
 PSYoungGen      total 38400K, used 33280K [0x0000000795580000, 0x000000079a080000, 0x00000007c0000000)
  eden space 33280K, 100% used [0x0000000795580000,0x0000000797600000,0x0000000797600000)
  from space 5120K, 0% used [0x0000000797600000,0x0000000797600000,0x0000000797b00000)
  to   space 5120K, 0% used [0x0000000799b80000,0x0000000799b80000,0x000000079a080000)
 ParOldGen       total 53760K, used 7622K [0x0000000740000000, 0x0000000743480000, 0x0000000795580000)
  object space 53760K, 14% used [0x0000000740000000,0x0000000740771868,0x0000000743480000)
 Metaspace       used 23740K, capacity 23977K, committed 24320K, reserved 1071104K
  class space    used 2412K, capacity 2515K, committed 2560K, reserved 1048576K
Event: 5.111 GC heap after
Heap after GC invocations=5 (full 1):
 PSYoungGen      total 61952K, used 5106K [0x0000000795580000, 0x000000079a080000, 0x00000007c0000000)
  eden space 56832K, 0% used [0x0000000795580000,0x0000000795580000,0x0000000798d00000)
  from space 5120K, 99% used [0x0000000799b80000,0x000000079a07cad0,0x000000079a080000)
  to   space 5120K, 0% used [0x0000000799680000,0x0000000799680000,0x0000000799b80000)
 ParOldGen       total 53760K, used 16160K [0x0000000740000000, 0x0000000743480000, 0x0000000795580000)
  object space 53760K, 30% used [0x0000000740000000,0x0000000740fc81a0,0x0000000743480000)
 Metaspace       used 23740K, capacity 23977K, committed 24320K, reserved 1071104K
  class space    used 2412K, capacity 2515K, committed 2560K, reserved 1048576K
}
Event: 5.568 GC heap before
{Heap before GC invocations=6 (full 1):
 PSYoungGen      total 61952K, used 61938K [0x0000000795580000, 0x000000079a080000, 0x00000007c0000000)
  eden space 56832K, 100% used [0x0000000795580000,0x0000000798d00000,0x0000000798d00000)
  from space 5120K, 99% used [0x0000000799b80000,0x000000079a07cad0,0x000000079a080000)
  to   space 5120K, 0% used [0x0000000799680000,0x0000000799680000,0x0000000799b80000)
 ParOldGen       total 53760K, used 16160K [0x0000000740000000, 0x0000000743480000, 0x0000000795580000)
  object space 53760K, 30% used [0x0000000740000000,0x0000000740fc81a0,0x0000000743480000)
 Metaspace       used 23996K, capacity 24297K, committed 24576K, reserved 1071104K
  class space    used 2412K, capacity 2515K, committed 2560K, reserved 1048576K
Event: 5.573 GC heap after
Heap after GC invocations=6 (full 1):
 PSYoungGen      total 71680K, used 5114K [0x0000000795580000, 0x000000079cf80000, 0x00000007c0000000)
  eden space 66560K, 0% used [0x0000000795580000,0x0000000795580000,0x0000000799680000)
  from space 5120K, 99% used [0x0000000799680000,0x0000000799b7e8b0,0x0000000799b80000)
  to   space 14848K, 0% used [0x000000079c100000,0x000000079c100000,0x000000079cf80000)
 ParOldGen       total 53760K, used 21525K [0x0000000740000000, 0x0000000743480000, 0x0000000795580000)
  object space 53760K, 40% used [0x0000000740000000,0x0000000741505780,0x0000000743480000)
 Metaspace       used 23996K, capacity 24297K, committed 24576K, reserved 1071104K
  class space    used 2412K, capacity 2515K, committed 2560K, reserved 1048576K
}
Event: 6.068 GC heap before
{Heap before GC invocations=7 (full 1):
 PSYoungGen      total 71680K, used 71674K [0x0000000795580000, 0x000000079cf80000, 0x00000007c0000000)
  eden space 66560K, 100% used [0x0000000795580000,0x0000000799680000,0x0000000799680000)
  from space 5120K, 99% used [0x0000000799680000,0x0000000799b7e8b0,0x0000000799b80000)
  to   space 14848K, 0% used [0x000000079c100000,0x000000079c100000,0x000000079cf80000)
 ParOldGen       total 53760K, used 21525K [0x0000000740000000, 0x0000000743480000, 0x0000000795580000)
  object space 53760K, 40% used [0x0000000740000000,0x0000000741505780,0x0000000743480000)
 Metaspace       used 24047K, capacity 24303K, committed 24576K, reserved 1071104K
  class space    used 2414K, capacity 2516K, committed 2560K, reserved 1048576K
Event: 6.075 GC heap after
Heap after GC invocations=7 (full 1):
 PSYoungGen      total 110080K, used 5194K [0x0000000795580000, 0x000000079dd80000, 0x00000007c0000000)
  eden space 95232K, 0% used [0x0000000795580000,0x0000000795580000,0x000000079b280000)
  from space 14848K, 34% used [0x000000079c100000,0x000000079c612ae0,0x000000079cf80000)
  to   space 14848K, 0% used [0x000000079b280000,0x000000079b280000,0x000000079c100000)
 ParOldGen       total 53760K, used 21533K [0x0000000740000000, 0x0000000743480000, 0x0000000795580000)
  object space 53760K, 40% used [0x0000000740000000,0x0000000741507780,0x0000000743480000)
 Metaspace       used 24047K, capacity 24303K, committed 24576K, reserved 1071104K
  class space    used 2414K, capacity 2516K, committed 2560K, reserved 1048576K
}
Event: 6.779 GC heap before
{Heap before GC invocations=8 (full 1):
 PSYoungGen      total 110080K, used 100426K [0x0000000795580000, 0x000000079dd80000, 0x00000007c0000000)
  eden space 95232K, 100% used [0x0000000795580000,0x000000079b280000,0x000000079b280000)
  from space 14848K, 34% used [0x000000079c100000,0x000000079c612ae0,0x000000079cf80000)
  to   space 14848K, 0% used [0x000000079b280000,0x000000079b280000,0x000000079c100000)
 ParOldGen       total 53760K, used 21533K [0x0000000740000000, 0x0000000743480000, 0x0000000795580000)
  object space 53760K, 40% used [0x0000000740000000,0x0000000741507780,0x0000000743480000)
 Metaspace       used 24083K, capacity 24367K, committed 24576K, reserved 1071104K
  class space    used 2414K, capacity 2516K, committed 2560K, reserved 1048576K
Event: 6.784 GC heap after
Heap after GC invocations=8 (full 1):
 PSYoungGen      total 110080K, used 5194K [0x0000000795580000, 0x00000007a0700000, 0x00000007c0000000)
  eden space 95232K, 0% used [0x0000000795580000,0x0000000795580000,0x000000079b280000)
  from space 14848K, 34% used [0x000000079b280000,0x000000079b792ae0,0x000000079c100000)
  to   space 14336K, 0% used [0x000000079f900000,0x000000079f900000,0x00000007a0700000)
 ParOldGen       total 53760K, used 21541K [0x0000000740000000, 0x0000000743480000, 0x0000000795580000)
  object space 53760K, 40% used [0x0000000740000000,0x0000000741509780,0x0000000743480000)
 Metaspace       used 24083K, capacity 24367K, committed 24576K, reserved 1071104K
  class space    used 2414K, capacity 2516K, committed 2560K, reserved 1048576K
}

