# JRE version: Java(TM) SE Runtime Environment (8.0_111-b14) (build 1.8.0_111-b14)
# Java VM: Java HotSpot(TM) 64-Bit Server VM (25.111-b14 mixed mode bsd-amd64 compressed oops)
Heap:
 PSYoungGen      total 257024K, used 243059K [0x0000000795580000, 0x00000007a6000000, 0x00000007c0000000)
  eden space 244224K, 96% used [0x0000000795580000,0x00000007a3b18d00,0x00000007a4400000)
  from space 12800K, 62% used [0x00000007a5380000,0x00000007a5b44210,0x00000007a6000000)
  to   space 14336K, 0% used [0x00000007a4400000,0x00000007a4400000,0x00000007a5200000)
 ParOldGen       total 54784K, used 26639K [0x0000000740000000, 0x0000000743580000, 0x0000000795580000)
  object space 54784K, 48% used [0x0000000740000000,0x0000000741a03f98,0x0000000743580000)
 Metaspace       used 24466K, capacity 24757K, committed 25088K, reserved 1071104K
  class space    used 2420K, capacity 2517K, committed 2560K, reserved 1048576K
GC Heap History (10 events):
Event: 7.358 GC heap before
{Heap before GC invocations=9 (full 1):
 PSYoungGen      total 107520K, used 97835K [0x0000000795580000, 0x00000007a0300000, 0x00000007c0000000)
  eden space 92672K, 100% used [0x0000000795580000,0x000000079b000000,0x000000079b000000)
  from space 14848K, 34% used [0x000000079b000000,0x000000079b50ad10,0x000000079be80000)
  to   space 14336K, 0% used [0x000000079f500000,0x000000079f500000,0x00000007a0300000)
 ParOldGen       total 54784K, used 21516K [0x0000000740000000, 0x0000000743580000, 0x0000000795580000)
  object space 54784K, 39% used [0x0000000740000000,0x0000000741503040,0x0000000743580000)
 Metaspace       used 24123K, capacity 24367K, committed 24576K, reserved 1071104K
  class space    used 2411K, capacity 2516K, committed 2560K, reserved 1048576K
Event: 7.364 GC heap after
Heap after GC invocations=9 (full 1):
 PSYoungGen      total 160256K, used 1328K [0x0000000795580000, 0x00000007a0200000, 0x00000007c0000000)
  eden space 146944K, 0% used [0x0000000795580000,0x0000000795580000,0x000000079e500000)
  from space 13312K, 9% used [0x000000079f500000,0x000000079f64c0a0,0x00000007a0200000)
  to   space 14848K, 0% used [0x000000079e500000,0x000000079e500000,0x000000079f380000)
 ParOldGen       total 54784K, used 25455K [0x0000000740000000, 0x0000000743580000, 0x0000000795580000)
  object space 54784K, 46% used [0x0000000740000000,0x00000007418dbea8,0x0000000743580000)
 Metaspace       used 24123K, capacity 24367K, committed 24576K, reserved 1071104K
  class space    used 2411K, capacity 2516K, committed 2560K, reserved 1048576K
}
Event: 8.336 GC heap before
{Heap before GC invocations=10 (full 1):
 PSYoungGen      total 160256K, used 148272K [0x0000000795580000, 0x00000007a0200000, 0x00000007c0000000)
  eden space 146944K, 100% used [0x0000000795580000,0x000000079e500000,0x000000079e500000)
  from space 13312K, 9% used [0x000000079f500000,0x000000079f64c0a0,0x00000007a0200000)
  to   space 14848K, 0% used [0x000000079e500000,0x000000079e500000,0x000000079f380000)
 ParOldGen       total 54784K, used 25455K [0x0000000740000000, 0x0000000743580000, 0x0000000795580000)
  object space 54784K, 46% used [0x0000000740000000,0x00000007418dbea8,0x0000000743580000)
 Metaspace       used 24194K, capacity 24501K, committed 24832K, reserved 1071104K
  class space    used 2412K, capacity 2517K, committed 2560K, reserved 1048576K
Event: 8.338 GC heap after
Heap after GC invocations=10 (full 1):
 PSYoungGen      total 161792K, used 160K [0x0000000795580000, 0x00000007a3080000, 0x00000007c0000000)
  eden space 146944K, 0% used [0x0000000795580000,0x0000000795580000,0x000000079e500000)
  from space 14848K, 1% used [0x000000079e500000,0x000000079e528000,0x000000079f380000)
  to   space 15360K, 0% used [0x00000007a2180000,0x00000007a2180000,0x00000007a3080000)
 ParOldGen       total 54784K, used 26575K [0x0000000740000000, 0x0000000743580000, 0x0000000795580000)
  object space 54784K, 48% used [0x0000000740000000,0x00000007419f3f98,0x0000000743580000)
 Metaspace       used 24194K, capacity 24501K, committed 24832K, reserved 1071104K
  class space    used 2412K, capacity 2517K, committed 2560K, reserved 1048576K
}
Event: 9.018 GC heap before
{Heap before GC invocations=11 (full 1):
 PSYoungGen      total 161792K, used 147104K [0x0000000795580000, 0x00000007a3080000, 0x00000007c0000000)
  eden space 146944K, 100% used [0x0000000795580000,0x000000079e500000,0x000000079e500000)
  from space 14848K, 1% used [0x000000079e500000,0x000000079e528000,0x000000079f380000)
  to   space 15360K, 0% used [0x00000007a2180000,0x00000007a2180000,0x00000007a3080000)
 ParOldGen       total 54784K, used 26575K [0x0000000740000000, 0x0000000743580000, 0x0000000795580000)
  object space 54784K, 48% used [0x0000000740000000,0x00000007419f3f98,0x0000000743580000)
 Metaspace       used 24266K, capacity 24501K, committed 24832K, reserved 1071104K
  class space    used 2412K, capacity 2517K, committed 2560K, reserved 1048576K
Event: 9.023 GC heap after
Heap after GC invocations=11 (full 1):
 PSYoungGen      total 203776K, used 6992K [0x0000000795580000, 0x00000007a2d80000, 0x00000007c0000000)
  eden space 191488K, 0% used [0x0000000795580000,0x0000000795580000,0x00000007a1080000)
  from space 12288K, 56% used [0x00000007a2180000,0x00000007a28541d0,0x00000007a2d80000)
  to   space 14848K, 0% used [0x00000007a1080000,0x00000007a1080000,0x00000007a1f00000)
 ParOldGen       total 54784K, used 26599K [0x0000000740000000, 0x0000000743580000, 0x0000000795580000)
  object space 54784K, 48% used [0x0000000740000000,0x00000007419f9f98,0x0000000743580000)
 Metaspace       used 24266K, capacity 24501K, committed 24832K, reserved 1071104K
  class space    used 2412K, capacity 2517K, committed 2560K, reserved 1048576K
}
Event: 10.042 GC heap before
{Heap before GC invocations=12 (full 1):
 PSYoungGen      total 203776K, used 198480K [0x0000000795580000, 0x00000007a2d80000, 0x00000007c0000000)
  eden space 191488K, 100% used [0x0000000795580000,0x00000007a1080000,0x00000007a1080000)
  from space 12288K, 56% used [0x00000007a2180000,0x00000007a28541d0,0x00000007a2d80000)
  to   space 14848K, 0% used [0x00000007a1080000,0x00000007a1080000,0x00000007a1f00000)
 ParOldGen       total 54784K, used 26599K [0x0000000740000000, 0x0000000743580000, 0x0000000795580000)
  object space 54784K, 48% used [0x0000000740000000,0x00000007419f9f98,0x0000000743580000)
 Metaspace       used 24322K, capacity 24629K, committed 24832K, reserved 1071104K
  class space    used 2412K, capacity 2517K, committed 2560K, reserved 1048576K
Event: 10.047 GC heap after
Heap after GC invocations=12 (full 1):
 PSYoungGen      total 206336K, used 8048K [0x0000000795580000, 0x00000007a6200000, 0x00000007c0000000)
  eden space 191488K, 0% used [0x0000000795580000,0x0000000795580000,0x00000007a1080000)
  from space 14848K, 54% used [0x00000007a1080000,0x00000007a185c210,0x00000007a1f00000)
  to   space 14848K, 0% used [0x00000007a5380000,0x00000007a5380000,0x00000007a6200000)
 ParOldGen       total 54784K, used 26631K [0x0000000740000000, 0x0000000743580000, 0x0000000795580000)
  object space 54784K, 48% used [0x0000000740000000,0x0000000741a01f98,0x0000000743580000)
 Metaspace       used 24322K, capacity 24629K, committed 24832K, reserved 1071104K
  class space    used 2412K, capacity 2517K, committed 2560K, reserved 1048576K
}
Event: 10.979 GC heap before
{Heap before GC invocations=13 (full 1):
 PSYoungGen      total 206336K, used 199536K [0x0000000795580000, 0x00000007a6200000, 0x00000007c0000000)
  eden space 191488K, 100% used [0x0000000795580000,0x00000007a1080000,0x00000007a1080000)
  from space 14848K, 54% used [0x00000007a1080000,0x00000007a185c210,0x00000007a1f00000)
  to   space 14848K, 0% used [0x00000007a5380000,0x00000007a5380000,0x00000007a6200000)
 ParOldGen       total 54784K, used 26631K [0x0000000740000000, 0x0000000743580000, 0x0000000795580000)
  object space 54784K, 48% used [0x0000000740000000,0x0000000741a01f98,0x0000000743580000)
 Metaspace       used 24366K, capacity 24629K, committed 24832K, reserved 1071104K
  class space    used 2412K, capacity 2517K, committed 2560K, reserved 1048576K
Event: 10.986 GC heap after
Heap after GC invocations=13 (full 1):
 PSYoungGen      total 257024K, used 7952K [0x0000000795580000, 0x00000007a6000000, 0x00000007c0000000)
  eden space 244224K, 0% used [0x0000000795580000,0x0000000795580000,0x00000007a4400000)
  from space 12800K, 62% used [0x00000007a5380000,0x00000007a5b44210,0x00000007a6000000)
  to   space 14336K, 0% used [0x00000007a4400000,0x00000007a4400000,0x00000007a5200000)
 ParOldGen       total 54784K, used 26639K [0x0000000740000000, 0x0000000743580000, 0x0000000795580000)
  object space 54784K, 48% used [0x0000000740000000,0x0000000741a03f98,0x0000000743580000)
 Metaspace       used 24366K, capacity 24629K, committed 24832K, reserved 1071104K
  class space    used 2412K, capacity 2517K, committed 2560K, reserved 1048576K
}

