# JRE version: Java(TM) SE Runtime Environment (8.0_111-b14) (build 1.8.0_111-b14)
# Java VM: Java HotSpot(TM) 64-Bit Server VM (25.111-b14 mixed mode bsd-amd64 compressed oops)
Heap:
 PSYoungGen      total 210432K, used 17145K [0x0000000795580000, 0x00000007a3780000, 0x00000007c0000000)
  eden space 200704K, 8% used [0x0000000795580000,0x0000000796616610,0x00000007a1980000)
  from space 9728K, 1% used [0x00000007a2e00000,0x00000007a2e28000,0x00000007a3780000)
  to   space 15360K, 0% used [0x00000007a1980000,0x00000007a1980000,0x00000007a2880000)
 ParOldGen       total 53248K, used 26700K [0x0000000740000000, 0x0000000743400000, 0x0000000795580000)
  object space 53248K, 50% used [0x0000000740000000,0x0000000741a13178,0x0000000743400000)
 Metaspace       used 24348K, capacity 24625K, committed 24832K, reserved 1071104K
  class space    used 2423K, capacity 2517K, committed 2560K, reserved 1048576K
GC Heap History (10 events):
Event: 6.130 GC heap before
{Heap before GC invocations=7 (full 1):
 PSYoungGen      total 71680K, used 71674K [0x0000000795580000, 0x000000079d180000, 0x00000007c0000000)
  eden space 66560K, 100% used [0x0000000795580000,0x0000000799680000,0x0000000799680000)
  from space 5120K, 99% used [0x0000000799680000,0x0000000799b7e870,0x0000000799b80000)
  to   space 14848K, 0% used [0x000000079c300000,0x000000079c300000,0x000000079d180000)
 ParOldGen       total 53248K, used 21617K [0x0000000740000000, 0x0000000743400000, 0x0000000795580000)
  object space 53248K, 40% used [0x0000000740000000,0x000000074151c498,0x0000000743400000)
 Metaspace       used 24034K, capacity 24299K, committed 24576K, reserved 1071104K
  class space    used 2413K, capacity 2516K, committed 2560K, reserved 1048576K
Event: 6.136 GC heap after
Heap after GC invocations=7 (full 1):
 PSYoungGen      total 112128K, used 5146K [0x0000000795580000, 0x000000079df80000, 0x00000007c0000000)
  eden space 97280K, 0% used [0x0000000795580000,0x0000000795580000,0x000000079b480000)
  from space 14848K, 34% used [0x000000079c300000,0x000000079c806870,0x000000079d180000)
  to   space 14848K, 0% used [0x000000079b480000,0x000000079b480000,0x000000079c300000)
 ParOldGen       total 53248K, used 21617K [0x0000000740000000, 0x0000000743400000, 0x0000000795580000)
  object space 53248K, 40% used [0x0000000740000000,0x000000074151c498,0x0000000743400000)
 Metaspace       used 24034K, capacity 24299K, committed 24576K, reserved 1071104K
  class space    used 2413K, capacity 2516K, committed 2560K, reserved 1048576K
}
Event: 6.838 GC heap before
{Heap before GC invocations=8 (full 1):
 PSYoungGen      total 112128K, used 102426K [0x0000000795580000, 0x000000079df80000, 0x00000007c0000000)
  eden space 97280K, 100% used [0x0000000795580000,0x000000079b480000,0x000000079b480000)
  from space 14848K, 34% used [0x000000079c300000,0x000000079c806870,0x000000079d180000)
  to   space 14848K, 0% used [0x000000079b480000,0x000000079b480000,0x000000079c300000)
 ParOldGen       total 53248K, used 21617K [0x0000000740000000, 0x0000000743400000, 0x0000000795580000)
  object space 53248K, 40% used [0x0000000740000000,0x000000074151c498,0x0000000743400000)
 Metaspace       used 24062K, capacity 24363K, committed 24576K, reserved 1071104K
  class space    used 2413K, capacity 2516K, committed 2560K, reserved 1048576K
Event: 6.843 GC heap after
Heap after GC invocations=8 (full 1):
 PSYoungGen      total 112128K, used 5146K [0x0000000795580000, 0x00000007a0c80000, 0x00000007c0000000)
  eden space 97280K, 0% used [0x0000000795580000,0x0000000795580000,0x000000079b480000)
  from space 14848K, 34% used [0x000000079b480000,0x000000079b986870,0x000000079c300000)
  to   space 14336K, 0% used [0x000000079fe80000,0x000000079fe80000,0x00000007a0c80000)
 ParOldGen       total 53248K, used 21617K [0x0000000740000000, 0x0000000743400000, 0x0000000795580000)
  object space 53248K, 40% used [0x0000000740000000,0x000000074151c498,0x0000000743400000)
 Metaspace       used 24062K, capacity 24363K, committed 24576K, reserved 1071104K
  class space    used 2413K, capacity 2516K, committed 2560K, reserved 1048576K
}
Event: 7.526 GC heap before
{Heap before GC invocations=9 (full 1):
 PSYoungGen      total 112128K, used 102426K [0x0000000795580000, 0x00000007a0c80000, 0x00000007c0000000)
  eden space 97280K, 100% used [0x0000000795580000,0x000000079b480000,0x000000079b480000)
  from space 14848K, 34% used [0x000000079b480000,0x000000079b986870,0x000000079c300000)
  to   space 14336K, 0% used [0x000000079fe80000,0x000000079fe80000,0x00000007a0c80000)
 ParOldGen       total 53248K, used 21617K [0x0000000740000000, 0x0000000743400000, 0x0000000795580000)
  object space 53248K, 40% used [0x0000000740000000,0x000000074151c498,0x0000000743400000)
 Metaspace       used 24126K, capacity 24369K, committed 24576K, reserved 1071104K
  class space    used 2414K, capacity 2517K, committed 2560K, reserved 1048576K
Event: 7.531 GC heap after
Heap after GC invocations=9 (full 1):
 PSYoungGen      total 167936K, used 1184K [0x0000000795580000, 0x00000007a0a80000, 0x00000007c0000000)
  eden space 155648K, 0% used [0x0000000795580000,0x0000000795580000,0x000000079ed80000)
  from space 12288K, 9% used [0x000000079fe80000,0x000000079ffa8080,0x00000007a0a80000)
  to   space 14848K, 0% used [0x000000079ed80000,0x000000079ed80000,0x000000079fc00000)
 ParOldGen       total 53248K, used 25676K [0x0000000740000000, 0x0000000743400000, 0x0000000795580000)
  object space 53248K, 48% used [0x0000000740000000,0x00000007419130f8,0x0000000743400000)
 Metaspace       used 24126K, capacity 24369K, committed 24576K, reserved 1071104K
  class space    used 2414K, capacity 2517K, committed 2560K, reserved 1048576K
}
Event: 8.653 GC heap before
{Heap before GC invocations=10 (full 1):
 PSYoungGen      total 167936K, used 156832K [0x0000000795580000, 0x00000007a0a80000, 0x00000007c0000000)
  eden space 155648K, 100% used [0x0000000795580000,0x000000079ed80000,0x000000079ed80000)
  from space 12288K, 9% used [0x000000079fe80000,0x000000079ffa8080,0x00000007a0a80000)
  to   space 14848K, 0% used [0x000000079ed80000,0x000000079ed80000,0x000000079fc00000)
 ParOldGen       total 53248K, used 25676K [0x0000000740000000, 0x0000000743400000, 0x0000000795580000)
  object space 53248K, 48% used [0x0000000740000000,0x00000007419130f8,0x0000000743400000)
 Metaspace       used 24239K, capacity 24497K, committed 24832K, reserved 1071104K
  class space    used 2415K, capacity 2517K, committed 2560K, reserved 1048576K
Event: 8.655 GC heap after
Heap after GC invocations=10 (full 1):
 PSYoungGen      total 170496K, used 160K [0x0000000795580000, 0x00000007a3d00000, 0x00000007c0000000)
  eden space 155648K, 0% used [0x0000000795580000,0x0000000795580000,0x000000079ed80000)
  from space 14848K, 1% used [0x000000079ed80000,0x000000079eda8000,0x000000079fc00000)
  to   space 15360K, 0% used [0x00000007a2e00000,0x00000007a2e00000,0x00000007a3d00000)
 ParOldGen       total 53248K, used 26660K [0x0000000740000000, 0x0000000743400000, 0x0000000795580000)
  object space 53248K, 50% used [0x0000000740000000,0x0000000741a09178,0x0000000743400000)
 Metaspace       used 24239K, capacity 24497K, committed 24832K, reserved 1071104K
  class space    used 2415K, capacity 2517K, committed 2560K, reserved 1048576K
}
Event: 9.641 GC heap before
{Heap before GC invocations=11 (full 1):
 PSYoungGen      total 170496K, used 155808K [0x0000000795580000, 0x00000007a3d00000, 0x00000007c0000000)
  eden space 155648K, 100% used [0x0000000795580000,0x000000079ed80000,0x000000079ed80000)
  from space 14848K, 1% used [0x000000079ed80000,0x000000079eda8000,0x000000079fc00000)
  to   space 15360K, 0% used [0x00000007a2e00000,0x00000007a2e00000,0x00000007a3d00000)
 ParOldGen       total 53248K, used 26660K [0x0000000740000000, 0x0000000743400000, 0x0000000795580000)
  object space 53248K, 50% used [0x0000000740000000,0x0000000741a09178,0x0000000743400000)
 Metaspace       used 24312K, capacity 24625K, committed 24832K, reserved 1071104K
  class space    used 2415K, capacity 2517K, committed 2560K, reserved 1048576K
Event: 9.643 GC heap after
Heap after GC invocations=11 (full 1):
 PSYoungGen      total 210432K, used 160K [0x0000000795580000, 0x00000007a3780000, 0x00000007c0000000)
  eden space 200704K, 0% used [0x0000000795580000,0x0000000795580000,0x00000007a1980000)
  from space 9728K, 1% used [0x00000007a2e00000,0x00000007a2e28000,0x00000007a3780000)
  to   space 15360K, 0% used [0x00000007a1980000,0x00000007a1980000,0x00000007a2880000)
 ParOldGen       total 53248K, used 26700K [0x0000000740000000, 0x0000000743400000, 0x0000000795580000)
  object space 53248K, 50% used [0x0000000740000000,0x0000000741a13178,0x0000000743400000)
 Metaspace       used 24312K, capacity 24625K, committed 24832K, reserved 1071104K
  class space    used 2415K, capacity 2517K, committed 2560K, reserved 1048576K
}

