# JRE version: Java(TM) SE Runtime Environment (8.0_111-b14) (build 1.8.0_111-b14)
# Java VM: Java HotSpot(TM) 64-Bit Server VM (25.111-b14 mixed mode bsd-amd64 compressed oops)
Heap:
 PSYoungGen      total 651264K, used 140858K [0x0000000795580000, 0x00000007c0000000, 0x00000007c0000000)
  eden space 612864K, 17% used [0x0000000795580000,0x000000079be4a2f0,0x00000007bac00000)
  from space 38400K, 87% used [0x00000007bda80000,0x00000007bfb44850,0x00000007c0000000)
  to   space 43008K, 0% used [0x00000007bac00000,0x00000007bac00000,0x00000007bd600000)
 ParOldGen       total 57344K, used 37832K [0x0000000740000000, 0x0000000743800000, 0x0000000795580000)
  object space 57344K, 65% used [0x0000000740000000,0x00000007424f2290,0x0000000743800000)
 Metaspace       used 25011K, capacity 25269K, committed 25600K, reserved 1073152K
  class space    used 2422K, capacity 2517K, committed 2560K, reserved 1048576K
GC Heap History (10 events):
Event: 42.294 GC heap before
{Heap before GC invocations=35 (full 1):
 PSYoungGen      total 546816K, used 544817K [0x0000000795580000, 0x00000007bc900000, 0x00000007c0000000)
  eden space 522240K, 100% used [0x0000000795580000,0x00000007b5380000,0x00000007b5380000)
  from space 24576K, 91% used [0x00000007b5380000,0x00000007b698c5c0,0x00000007b6b80000)
  to   space 27136K, 0% used [0x00000007bae80000,0x00000007bae80000,0x00000007bc900000)
 ParOldGen       total 57344K, used 37672K [0x0000000740000000, 0x0000000743800000, 0x0000000795580000)
  object space 57344K, 65% used [0x0000000740000000,0x00000007424ca290,0x0000000743800000)
 Metaspace       used 24955K, capacity 25205K, committed 25344K, reserved 1073152K
  class space    used 2414K, capacity 2517K, committed 2560K, reserved 1048576K
Event: 42.307 GC heap after
Heap after GC invocations=35 (full 1):
 PSYoungGen      total 612352K, used 24641K [0x0000000795580000, 0x00000007bcf00000, 0x00000007c0000000)
  eden space 585216K, 0% used [0x0000000795580000,0x0000000795580000,0x00000007b9100000)
  from space 27136K, 90% used [0x00000007bae80000,0x00000007bc690630,0x00000007bc900000)
  to   space 30208K, 0% used [0x00000007b9100000,0x00000007b9100000,0x00000007bae80000)
 ParOldGen       total 57344K, used 37720K [0x0000000740000000, 0x0000000743800000, 0x0000000795580000)
  object space 57344K, 65% used [0x0000000740000000,0x00000007424d6290,0x0000000743800000)
 Metaspace       used 24955K, capacity 25205K, committed 25344K, reserved 1073152K
  class space    used 2414K, capacity 2517K, committed 2560K, reserved 1048576K
}
Event: 44.981 GC heap before
{Heap before GC invocations=36 (full 1):
 PSYoungGen      total 612352K, used 609857K [0x0000000795580000, 0x00000007bcf00000, 0x00000007c0000000)
  eden space 585216K, 100% used [0x0000000795580000,0x00000007b9100000,0x00000007b9100000)
  from space 27136K, 90% used [0x00000007bae80000,0x00000007bc690630,0x00000007bc900000)
  to   space 30208K, 0% used [0x00000007b9100000,0x00000007b9100000,0x00000007bae80000)
 ParOldGen       total 57344K, used 37720K [0x0000000740000000, 0x0000000743800000, 0x0000000795580000)
  object space 57344K, 65% used [0x0000000740000000,0x00000007424d6290,0x0000000743800000)
 Metaspace       used 24955K, capacity 25205K, committed 25344K, reserved 1073152K
  class space    used 2414K, capacity 2517K, committed 2560K, reserved 1048576K
Event: 44.996 GC heap after
Heap after GC invocations=36 (full 1):
 PSYoungGen      total 615424K, used 24641K [0x0000000795580000, 0x00000007c0000000, 0x00000007c0000000)
  eden space 585216K, 0% used [0x0000000795580000,0x0000000795580000,0x00000007b9100000)
  from space 30208K, 81% used [0x00000007b9100000,0x00000007ba910630,0x00000007bae80000)
  to   space 32768K, 0% used [0x00000007be000000,0x00000007be000000,0x00000007c0000000)
 ParOldGen       total 57344K, used 37752K [0x0000000740000000, 0x0000000743800000, 0x0000000795580000)
  object space 57344K, 65% used [0x0000000740000000,0x00000007424de290,0x0000000743800000)
 Metaspace       used 24955K, capacity 25205K, committed 25344K, reserved 1073152K
  class space    used 2414K, capacity 2517K, committed 2560K, reserved 1048576K
}
Event: 47.543 GC heap before
{Heap before GC invocations=37 (full 1):
 PSYoungGen      total 615424K, used 609857K [0x0000000795580000, 0x00000007c0000000, 0x00000007c0000000)
  eden space 585216K, 100% used [0x0000000795580000,0x00000007b9100000,0x00000007b9100000)
  from space 30208K, 81% used [0x00000007b9100000,0x00000007ba910630,0x00000007bae80000)
  to   space 32768K, 0% used [0x00000007be000000,0x00000007be000000,0x00000007c0000000)
 ParOldGen       total 57344K, used 37752K [0x0000000740000000, 0x0000000743800000, 0x0000000795580000)
  object space 57344K, 65% used [0x0000000740000000,0x00000007424de290,0x0000000743800000)
 Metaspace       used 24968K, capacity 25205K, committed 25344K, reserved 1073152K
  class space    used 2414K, capacity 2517K, committed 2560K, reserved 1048576K
Event: 47.559 GC heap after
Heap after GC invocations=37 (full 1):
 PSYoungGen      total 660992K, used 26513K [0x0000000795580000, 0x00000007c0000000, 0x00000007c0000000)
  eden space 628224K, 0% used [0x0000000795580000,0x0000000795580000,0x00000007bbb00000)
  from space 32768K, 80% used [0x00000007be000000,0x00000007bf9e4680,0x00000007c0000000)
  to   space 35328K, 0% used [0x00000007bbb00000,0x00000007bbb00000,0x00000007bdd80000)
 ParOldGen       total 57344K, used 37760K [0x0000000740000000, 0x0000000743800000, 0x0000000795580000)
  object space 57344K, 65% used [0x0000000740000000,0x00000007424e0290,0x0000000743800000)
 Metaspace       used 24968K, capacity 25205K, committed 25344K, reserved 1073152K
  class space    used 2414K, capacity 2517K, committed 2560K, reserved 1048576K
}
Event: 50.073 GC heap before
{Heap before GC invocations=38 (full 1):
 PSYoungGen      total 660992K, used 654737K [0x0000000795580000, 0x00000007c0000000, 0x00000007c0000000)
  eden space 628224K, 100% used [0x0000000795580000,0x00000007bbb00000,0x00000007bbb00000)
  from space 32768K, 80% used [0x00000007be000000,0x00000007bf9e4680,0x00000007c0000000)
  to   space 35328K, 0% used [0x00000007bbb00000,0x00000007bbb00000,0x00000007bdd80000)
 ParOldGen       total 57344K, used 37760K [0x0000000740000000, 0x0000000743800000, 0x0000000795580000)
  object space 57344K, 65% used [0x0000000740000000,0x00000007424e0290,0x0000000743800000)
 Metaspace       used 24975K, capacity 25205K, committed 25344K, reserved 1073152K
  class space    used 2414K, capacity 2517K, committed 2560K, reserved 1048576K
Event: 50.088 GC heap after
Heap after GC invocations=38 (full 1):
 PSYoungGen      total 660480K, used 31745K [0x0000000795580000, 0x00000007c0000000, 0x00000007c0000000)
  eden space 628224K, 0% used [0x0000000795580000,0x0000000795580000,0x00000007bbb00000)
  from space 32256K, 98% used [0x00000007bbb00000,0x00000007bda007f0,0x00000007bda80000)
  to   space 38400K, 0% used [0x00000007bda80000,0x00000007bda80000,0x00000007c0000000)
 ParOldGen       total 57344K, used 37800K [0x0000000740000000, 0x0000000743800000, 0x0000000795580000)
  object space 57344K, 65% used [0x0000000740000000,0x00000007424ea290,0x0000000743800000)
 Metaspace       used 24975K, capacity 25205K, committed 25344K, reserved 1073152K
  class space    used 2414K, capacity 2517K, committed 2560K, reserved 1048576K
}
Event: 53.020 GC heap before
{Heap before GC invocations=39 (full 1):
 PSYoungGen      total 660480K, used 659969K [0x0000000795580000, 0x00000007c0000000, 0x00000007c0000000)
  eden space 628224K, 100% used [0x0000000795580000,0x00000007bbb00000,0x00000007bbb00000)
  from space 32256K, 98% used [0x00000007bbb00000,0x00000007bda007f0,0x00000007bda80000)
  to   space 38400K, 0% used [0x00000007bda80000,0x00000007bda80000,0x00000007c0000000)
 ParOldGen       total 57344K, used 37800K [0x0000000740000000, 0x0000000743800000, 0x0000000795580000)
  object space 57344K, 65% used [0x0000000740000000,0x00000007424ea290,0x0000000743800000)
 Metaspace       used 24976K, capacity 25205K, committed 25344K, reserved 1073152K
  class space    used 2414K, capacity 2517K, committed 2560K, reserved 1048576K
Event: 53.032 GC heap after
Heap after GC invocations=39 (full 1):
 PSYoungGen      total 651264K, used 33554K [0x0000000795580000, 0x00000007c0000000, 0x00000007c0000000)
  eden space 612864K, 0% used [0x0000000795580000,0x0000000795580000,0x00000007bac00000)
  from space 38400K, 87% used [0x00000007bda80000,0x00000007bfb44850,0x00000007c0000000)
  to   space 43008K, 0% used [0x00000007bac00000,0x00000007bac00000,0x00000007bd600000)
 ParOldGen       total 57344K, used 37832K [0x0000000740000000, 0x0000000743800000, 0x0000000795580000)
  object space 57344K, 65% used [0x0000000740000000,0x00000007424f2290,0x0000000743800000)
 Metaspace       used 24976K, capacity 25205K, committed 25344K, reserved 1073152K
  class space    used 2414K, capacity 2517K, committed 2560K, reserved 1048576K
}

