# JRE version: Java(TM) SE Runtime Environment (8.0_111-b14) (build 1.8.0_111-b14)
# Java VM: Java HotSpot(TM) 64-Bit Server VM (25.111-b14 mixed mode bsd-amd64 compressed oops)
Heap:
 PSYoungGen      total 350720K, used 47878K [0x0000000795580000, 0x00000007b1380000, 0x00000007c0000000)
  eden space 335872K, 14% used [0x0000000795580000,0x0000000798419848,0x00000007a9d80000)
  from space 14848K, 1% used [0x00000007a9d80000,0x00000007a9da8000,0x00000007aac00000)
  to   space 14848K, 0% used [0x00000007b0500000,0x00000007b0500000,0x00000007b1380000)
 ParOldGen       total 50688K, used 28670K [0x0000000740000000, 0x0000000743180000, 0x0000000795580000)
  object space 50688K, 56% used [0x0000000740000000,0x0000000741bffa08,0x0000000743180000)
 Metaspace       used 24539K, capacity 24757K, committed 25088K, reserved 1071104K
  class space    used 2425K, capacity 2517K, committed 2560K, reserved 1048576K
GC Heap History (10 events):
Event: 10.358 GC heap before
{Heap before GC invocations=10 (full 1):
 PSYoungGen      total 196608K, used 191056K [0x0000000795580000, 0x00000007a2680000, 0x00000007c0000000)
  eden space 186368K, 100% used [0x0000000795580000,0x00000007a0b80000,0x00000007a0b80000)
  from space 10240K, 45% used [0x00000007a1c80000,0x00000007a2114130,0x00000007a2680000)
  to   space 13824K, 0% used [0x00000007a0b80000,0x00000007a0b80000,0x00000007a1900000)
 ParOldGen       total 50688K, used 22960K [0x0000000740000000, 0x0000000743180000, 0x0000000795580000)
  object space 50688K, 45% used [0x0000000740000000,0x000000074166c3c8,0x0000000743180000)
 Metaspace       used 24221K, capacity 24501K, committed 24832K, reserved 1071104K
  class space    used 2415K, capacity 2517K, committed 2560K, reserved 1048576K
Event: 10.365 GC heap after
Heap after GC invocations=10 (full 1):
 PSYoungGen      total 200192K, used 1232K [0x0000000795580000, 0x00000007a7100000, 0x00000007c0000000)
  eden space 186368K, 0% used [0x0000000795580000,0x0000000795580000,0x00000007a0b80000)
  from space 13824K, 8% used [0x00000007a0b80000,0x00000007a0cb4050,0x00000007a1900000)
  to   space 14336K, 0% used [0x00000007a6300000,0x00000007a6300000,0x00000007a7100000)
 ParOldGen       total 50688K, used 27478K [0x0000000740000000, 0x0000000743180000, 0x0000000795580000)
  object space 50688K, 54% used [0x0000000740000000,0x0000000741ad5968,0x0000000743180000)
 Metaspace       used 24221K, capacity 24501K, committed 24832K, reserved 1071104K
  class space    used 2415K, capacity 2517K, committed 2560K, reserved 1048576K
}
Event: 11.132 GC heap before
{Heap before GC invocations=11 (full 1):
 PSYoungGen      total 200192K, used 187600K [0x0000000795580000, 0x00000007a7100000, 0x00000007c0000000)
  eden space 186368K, 100% used [0x0000000795580000,0x00000007a0b80000,0x00000007a0b80000)
  from space 13824K, 8% used [0x00000007a0b80000,0x00000007a0cb4050,0x00000007a1900000)
  to   space 14336K, 0% used [0x00000007a6300000,0x00000007a6300000,0x00000007a7100000)
 ParOldGen       total 50688K, used 27478K [0x0000000740000000, 0x0000000743180000, 0x0000000795580000)
  object space 50688K, 54% used [0x0000000740000000,0x0000000741ad5968,0x0000000743180000)
 Metaspace       used 24272K, capacity 24501K, committed 24832K, reserved 1071104K
  class space    used 2415K, capacity 2517K, committed 2560K, reserved 1048576K
Event: 11.134 GC heap after
Heap after GC invocations=11 (full 1):
 PSYoungGen      total 266752K, used 1264K [0x0000000795580000, 0x00000007a6d00000, 0x00000007c0000000)
  eden space 256512K, 0% used [0x0000000795580000,0x0000000795580000,0x00000007a5000000)
  from space 10240K, 12% used [0x00000007a6300000,0x00000007a643c050,0x00000007a6d00000)
  to   space 14848K, 0% used [0x00000007a5000000,0x00000007a5000000,0x00000007a5e80000)
 ParOldGen       total 50688K, used 27534K [0x0000000740000000, 0x0000000743180000, 0x0000000795580000)
  object space 50688K, 54% used [0x0000000740000000,0x0000000741ae3968,0x0000000743180000)
 Metaspace       used 24272K, capacity 24501K, committed 24832K, reserved 1071104K
  class space    used 2415K, capacity 2517K, committed 2560K, reserved 1048576K
}
Event: 12.274 GC heap before
{Heap before GC invocations=12 (full 1):
 PSYoungGen      total 266752K, used 257776K [0x0000000795580000, 0x00000007a6d00000, 0x00000007c0000000)
  eden space 256512K, 100% used [0x0000000795580000,0x00000007a5000000,0x00000007a5000000)
  from space 10240K, 12% used [0x00000007a6300000,0x00000007a643c050,0x00000007a6d00000)
  to   space 14848K, 0% used [0x00000007a5000000,0x00000007a5000000,0x00000007a5e80000)
 ParOldGen       total 50688K, used 27534K [0x0000000740000000, 0x0000000743180000, 0x0000000795580000)
  object space 50688K, 54% used [0x0000000740000000,0x0000000741ae3968,0x0000000743180000)
 Metaspace       used 24309K, capacity 24629K, committed 24832K, reserved 1071104K
  class space    used 2415K, capacity 2517K, committed 2560K, reserved 1048576K
Event: 12.279 GC heap after
Heap after GC invocations=12 (full 1):
 PSYoungGen      total 271360K, used 96K [0x0000000795580000, 0x00000007ac400000, 0x00000007c0000000)
  eden space 256512K, 0% used [0x0000000795580000,0x0000000795580000,0x00000007a5000000)
  from space 14848K, 0% used [0x00000007a5000000,0x00000007a5018000,0x00000007a5e80000)
  to   space 14848K, 0% used [0x00000007ab580000,0x00000007ab580000,0x00000007ac400000)
 ParOldGen       total 50688K, used 28638K [0x0000000740000000, 0x0000000743180000, 0x0000000795580000)
  object space 50688K, 56% used [0x0000000740000000,0x0000000741bf7a08,0x0000000743180000)
 Metaspace       used 24309K, capacity 24629K, committed 24832K, reserved 1071104K
  class space    used 2415K, capacity 2517K, committed 2560K, reserved 1048576K
}
Event: 13.480 GC heap before
{Heap before GC invocations=13 (full 1):
 PSYoungGen      total 271360K, used 256608K [0x0000000795580000, 0x00000007ac400000, 0x00000007c0000000)
  eden space 256512K, 100% used [0x0000000795580000,0x00000007a5000000,0x00000007a5000000)
  from space 14848K, 0% used [0x00000007a5000000,0x00000007a5018000,0x00000007a5e80000)
  to   space 14848K, 0% used [0x00000007ab580000,0x00000007ab580000,0x00000007ac400000)
 ParOldGen       total 50688K, used 28638K [0x0000000740000000, 0x0000000743180000, 0x0000000795580000)
  object space 50688K, 56% used [0x0000000740000000,0x0000000741bf7a08,0x0000000743180000)
 Metaspace       used 24457K, capacity 24693K, committed 24832K, reserved 1071104K
  class space    used 2415K, capacity 2517K, committed 2560K, reserved 1048576K
Event: 13.481 GC heap after
Heap after GC invocations=13 (full 1):
 PSYoungGen      total 340992K, used 160K [0x0000000795580000, 0x00000007aba80000, 0x00000007c0000000)
  eden space 335872K, 0% used [0x0000000795580000,0x0000000795580000,0x00000007a9d80000)
  from space 5120K, 3% used [0x00000007ab580000,0x00000007ab5a8000,0x00000007aba80000)
  to   space 14848K, 0% used [0x00000007a9d80000,0x00000007a9d80000,0x00000007aac00000)
 ParOldGen       total 50688K, used 28654K [0x0000000740000000, 0x0000000743180000, 0x0000000795580000)
  object space 50688K, 56% used [0x0000000740000000,0x0000000741bfba08,0x0000000743180000)
 Metaspace       used 24457K, capacity 24693K, committed 24832K, reserved 1071104K
  class space    used 2415K, capacity 2517K, committed 2560K, reserved 1048576K
}
Event: 15.072 GC heap before
{Heap before GC invocations=14 (full 1):
 PSYoungGen      total 340992K, used 336032K [0x0000000795580000, 0x00000007aba80000, 0x00000007c0000000)
  eden space 335872K, 100% used [0x0000000795580000,0x00000007a9d80000,0x00000007a9d80000)
  from space 5120K, 3% used [0x00000007ab580000,0x00000007ab5a8000,0x00000007aba80000)
  to   space 14848K, 0% used [0x00000007a9d80000,0x00000007a9d80000,0x00000007aac00000)
 ParOldGen       total 50688K, used 28654K [0x0000000740000000, 0x0000000743180000, 0x0000000795580000)
  object space 50688K, 56% used [0x0000000740000000,0x0000000741bfba08,0x0000000743180000)
 Metaspace       used 24502K, capacity 24757K, committed 25088K, reserved 1071104K
  class space    used 2417K, capacity 2517K, committed 2560K, reserved 1048576K
Event: 15.073 GC heap after
Heap after GC invocations=14 (full 1):
 PSYoungGen      total 350720K, used 160K [0x0000000795580000, 0x00000007b1380000, 0x00000007c0000000)
  eden space 335872K, 0% used [0x0000000795580000,0x0000000795580000,0x00000007a9d80000)
  from space 14848K, 1% used [0x00000007a9d80000,0x00000007a9da8000,0x00000007aac00000)
  to   space 14848K, 0% used [0x00000007b0500000,0x00000007b0500000,0x00000007b1380000)
 ParOldGen       total 50688K, used 28670K [0x0000000740000000, 0x0000000743180000, 0x0000000795580000)
  object space 50688K, 56% used [0x0000000740000000,0x0000000741bffa08,0x0000000743180000)
 Metaspace       used 24502K, capacity 24757K, committed 25088K, reserved 1071104K
  class space    used 2417K, capacity 2517K, committed 2560K, reserved 1048576K
}

