# JRE version: Java(TM) SE Runtime Environment (8.0_111-b14) (build 1.8.0_111-b14)
# Java VM: Java HotSpot(TM) 64-Bit Server VM (25.111-b14 mixed mode bsd-amd64 compressed oops)
Heap:
 PSYoungGen      total 478720K, used 328813K [0x0000000795580000, 0x00000007b3f00000, 0x00000007c0000000)
  eden space 460288K, 67% used [0x0000000795580000,0x00000007a86030a0,0x00000007b1700000)
  from space 18432K, 92% used [0x00000007b2b80000,0x00000007b3c18430,0x00000007b3d80000)
  to   space 20480K, 0% used [0x00000007b1700000,0x00000007b1700000,0x00000007b2b00000)
 ParOldGen       total 54784K, used 34659K [0x0000000740000000, 0x0000000743580000, 0x0000000795580000)
  object space 54784K, 63% used [0x0000000740000000,0x00000007421d8e30,0x0000000743580000)
 Metaspace       used 24851K, capacity 25077K, committed 25344K, reserved 1073152K
  class space    used 2423K, capacity 2517K, committed 2560K, reserved 1048576K
GC Heap History (10 events):
Event: 12.479 GC heap before
{Heap before GC invocations=15 (full 1):
 PSYoungGen      total 261120K, used 255152K [0x0000000795580000, 0x00000007aa080000, 0x00000007c0000000)
  eden space 247296K, 100% used [0x0000000795580000,0x00000007a4700000,0x00000007a4700000)
  from space 13824K, 56% used [0x00000007a4700000,0x00000007a4eac1f0,0x00000007a5480000)
  to   space 13312K, 0% used [0x00000007a9380000,0x00000007a9380000,0x00000007aa080000)
 ParOldGen       total 54784K, used 34627K [0x0000000740000000, 0x0000000743580000, 0x0000000795580000)
  object space 54784K, 63% used [0x0000000740000000,0x00000007421d0e30,0x0000000743580000)
 Metaspace       used 24580K, capacity 24821K, committed 25088K, reserved 1071104K
  class space    used 2415K, capacity 2517K, committed 2560K, reserved 1048576K
Event: 12.487 GC heap after
Heap after GC invocations=15 (full 1):
 PSYoungGen      total 324608K, used 11488K [0x0000000795580000, 0x00000007aa380000, 0x00000007c0000000)
  eden space 311296K, 0% used [0x0000000795580000,0x0000000795580000,0x00000007a8580000)
  from space 13312K, 86% used [0x00000007a9380000,0x00000007a9eb82c0,0x00000007aa080000)
  to   space 14336K, 0% used [0x00000007a8580000,0x00000007a8580000,0x00000007a9380000)
 ParOldGen       total 54784K, used 34635K [0x0000000740000000, 0x0000000743580000, 0x0000000795580000)
  object space 54784K, 63% used [0x0000000740000000,0x00000007421d2e30,0x0000000743580000)
 Metaspace       used 24580K, capacity 24821K, committed 25088K, reserved 1071104K
  class space    used 2415K, capacity 2517K, committed 2560K, reserved 1048576K
}
Event: 13.874 GC heap before
{Heap before GC invocations=16 (full 1):
 PSYoungGen      total 324608K, used 322784K [0x0000000795580000, 0x00000007aa380000, 0x00000007c0000000)
  eden space 311296K, 100% used [0x0000000795580000,0x00000007a8580000,0x00000007a8580000)
  from space 13312K, 86% used [0x00000007a9380000,0x00000007a9eb82c0,0x00000007aa080000)
  to   space 14336K, 0% used [0x00000007a8580000,0x00000007a8580000,0x00000007a9380000)
 ParOldGen       total 54784K, used 34635K [0x0000000740000000, 0x0000000743580000, 0x0000000795580000)
  object space 54784K, 63% used [0x0000000740000000,0x00000007421d2e30,0x0000000743580000)
 Metaspace       used 24592K, capacity 24821K, committed 25088K, reserved 1071104K
  class space    used 2415K, capacity 2517K, committed 2560K, reserved 1048576K
Event: 13.885 GC heap after
Heap after GC invocations=16 (full 1):
 PSYoungGen      total 325632K, used 11472K [0x0000000795580000, 0x00000007af400000, 0x00000007c0000000)
  eden space 311296K, 0% used [0x0000000795580000,0x0000000795580000,0x00000007a8580000)
  from space 14336K, 80% used [0x00000007a8580000,0x00000007a90b42d0,0x00000007a9380000)
  to   space 15360K, 0% used [0x00000007ae500000,0x00000007ae500000,0x00000007af400000)
 ParOldGen       total 54784K, used 34635K [0x0000000740000000, 0x0000000743580000, 0x0000000795580000)
  object space 54784K, 63% used [0x0000000740000000,0x00000007421d2e30,0x0000000743580000)
 Metaspace       used 24592K, capacity 24821K, committed 25088K, reserved 1071104K
  class space    used 2415K, capacity 2517K, committed 2560K, reserved 1048576K
}
Event: 15.210 GC heap before
{Heap before GC invocations=17 (full 1):
 PSYoungGen      total 325632K, used 322768K [0x0000000795580000, 0x00000007af400000, 0x00000007c0000000)
  eden space 311296K, 100% used [0x0000000795580000,0x00000007a8580000,0x00000007a8580000)
  from space 14336K, 80% used [0x00000007a8580000,0x00000007a90b42d0,0x00000007a9380000)
  to   space 15360K, 0% used [0x00000007ae500000,0x00000007ae500000,0x00000007af400000)
 ParOldGen       total 54784K, used 34635K [0x0000000740000000, 0x0000000743580000, 0x0000000795580000)
  object space 54784K, 63% used [0x0000000740000000,0x00000007421d2e30,0x0000000743580000)
 Metaspace       used 24650K, capacity 24949K, committed 25088K, reserved 1071104K
  class space    used 2415K, capacity 2517K, committed 2560K, reserved 1048576K
Event: 15.220 GC heap after
Heap after GC invocations=17 (full 1):
 PSYoungGen      total 408064K, used 12560K [0x0000000795580000, 0x00000007af500000, 0x00000007c0000000)
  eden space 392704K, 0% used [0x0000000795580000,0x0000000795580000,0x00000007ad500000)
  from space 15360K, 81% used [0x00000007ae500000,0x00000007af144310,0x00000007af400000)
  to   space 16384K, 0% used [0x00000007ad500000,0x00000007ad500000,0x00000007ae500000)
 ParOldGen       total 54784K, used 34643K [0x0000000740000000, 0x0000000743580000, 0x0000000795580000)
  object space 54784K, 63% used [0x0000000740000000,0x00000007421d4e30,0x0000000743580000)
 Metaspace       used 24650K, capacity 24949K, committed 25088K, reserved 1071104K
  class space    used 2415K, capacity 2517K, committed 2560K, reserved 1048576K
}
Event: 16.939 GC heap before
{Heap before GC invocations=18 (full 1):
 PSYoungGen      total 408064K, used 405264K [0x0000000795580000, 0x00000007af500000, 0x00000007c0000000)
  eden space 392704K, 100% used [0x0000000795580000,0x00000007ad500000,0x00000007ad500000)
  from space 15360K, 81% used [0x00000007ae500000,0x00000007af144310,0x00000007af400000)
  to   space 16384K, 0% used [0x00000007ad500000,0x00000007ad500000,0x00000007ae500000)
 ParOldGen       total 54784K, used 34643K [0x0000000740000000, 0x0000000743580000, 0x0000000795580000)
  object space 54784K, 63% used [0x0000000740000000,0x00000007421d4e30,0x0000000743580000)
 Metaspace       used 24722K, capacity 25013K, committed 25344K, reserved 1073152K
  class space    used 2415K, capacity 2517K, committed 2560K, reserved 1048576K
Event: 16.954 GC heap after
Heap after GC invocations=18 (full 1):
 PSYoungGen      total 409088K, used 15744K [0x0000000795580000, 0x00000007b3d80000, 0x00000007c0000000)
  eden space 392704K, 0% used [0x0000000795580000,0x0000000795580000,0x00000007ad500000)
  from space 16384K, 96% used [0x00000007ad500000,0x00000007ae4603c0,0x00000007ae500000)
  to   space 18432K, 0% used [0x00000007b2b80000,0x00000007b2b80000,0x00000007b3d80000)
 ParOldGen       total 54784K, used 34651K [0x0000000740000000, 0x0000000743580000, 0x0000000795580000)
  object space 54784K, 63% used [0x0000000740000000,0x00000007421d6e30,0x0000000743580000)
 Metaspace       used 24722K, capacity 25013K, committed 25344K, reserved 1073152K
  class space    used 2415K, capacity 2517K, committed 2560K, reserved 1048576K
}
Event: 18.600 GC heap before
{Heap before GC invocations=19 (full 1):
 PSYoungGen      total 409088K, used 408448K [0x0000000795580000, 0x00000007b3d80000, 0x00000007c0000000)
  eden space 392704K, 100% used [0x0000000795580000,0x00000007ad500000,0x00000007ad500000)
  from space 16384K, 96% used [0x00000007ad500000,0x00000007ae4603c0,0x00000007ae500000)
  to   space 18432K, 0% used [0x00000007b2b80000,0x00000007b2b80000,0x00000007b3d80000)
 ParOldGen       total 54784K, used 34651K [0x0000000740000000, 0x0000000743580000, 0x0000000795580000)
  object space 54784K, 63% used [0x0000000740000000,0x00000007421d6e30,0x0000000743580000)
 Metaspace       used 24802K, capacity 25077K, committed 25344K, reserved 1073152K
  class space    used 2415K, capacity 2517K, committed 2560K, reserved 1048576K
Event: 18.610 GC heap after
Heap after GC invocations=19 (full 1):
 PSYoungGen      total 478720K, used 16993K [0x0000000795580000, 0x00000007b3f00000, 0x00000007c0000000)
  eden space 460288K, 0% used [0x0000000795580000,0x0000000795580000,0x00000007b1700000)
  from space 18432K, 92% used [0x00000007b2b80000,0x00000007b3c18430,0x00000007b3d80000)
  to   space 20480K, 0% used [0x00000007b1700000,0x00000007b1700000,0x00000007b2b00000)
 ParOldGen       total 54784K, used 34659K [0x0000000740000000, 0x0000000743580000, 0x0000000795580000)
  object space 54784K, 63% used [0x0000000740000000,0x00000007421d8e30,0x0000000743580000)
 Metaspace       used 24802K, capacity 25077K, committed 25344K, reserved 1073152K
  class space    used 2415K, capacity 2517K, committed 2560K, reserved 1048576K
}

