# JRE version: Java(TM) SE Runtime Environment (8.0_111-b14) (build 1.8.0_111-b14)
# Java VM: Java HotSpot(TM) 64-Bit Server VM (25.111-b14 mixed mode bsd-amd64 compressed oops)
Heap:
 PSYoungGen      total 437760K, used 262331K [0x0000000795580000, 0x00000007b1880000, 0x00000007c0000000)
  eden space 434176K, 60% used [0x0000000795580000,0x00000007a554ef50,0x00000007afd80000)
  from space 3584K, 10% used [0x00000007b1500000,0x00000007b1560010,0x00000007b1880000)
  to   space 13824K, 0% used [0x00000007afd80000,0x00000007afd80000,0x00000007b0b00000)
 ParOldGen       total 51200K, used 37581K [0x0000000740000000, 0x0000000743200000, 0x0000000795580000)
  object space 51200K, 73% used [0x0000000740000000,0x00000007424b3428,0x0000000743200000)
 Metaspace       used 24634K, capacity 24881K, committed 25088K, reserved 1071104K
  class space    used 2425K, capacity 2517K, committed 2560K, reserved 1048576K
GC Heap History (10 events):
Event: 11.247 GC heap before
{Heap before GC invocations=11 (full 1):
 PSYoungGen      total 196608K, used 186368K [0x0000000795580000, 0x00000007a6c00000, 0x00000007c0000000)
  eden space 182784K, 100% used [0x0000000795580000,0x00000007a0800000,0x00000007a0800000)
  from space 13824K, 25% used [0x00000007a0800000,0x00000007a0b800d0,0x00000007a1580000)
  to   space 13824K, 0% used [0x00000007a5e80000,0x00000007a5e80000,0x00000007a6c00000)
 ParOldGen       total 51200K, used 26762K [0x0000000740000000, 0x0000000743200000, 0x0000000795580000)
  object space 51200K, 52% used [0x0000000740000000,0x0000000741a22898,0x0000000743200000)
 Metaspace       used 24319K, capacity 24625K, committed 24832K, reserved 1071104K
  class space    used 2417K, capacity 2517K, committed 2560K, reserved 1048576K
Event: 11.251 GC heap after
Heap after GC invocations=11 (full 1):
 PSYoungGen      total 261120K, used 6656K [0x0000000795580000, 0x00000007a6680000, 0x00000007c0000000)
  eden space 252928K, 0% used [0x0000000795580000,0x0000000795580000,0x00000007a4c80000)
  from space 8192K, 81% used [0x00000007a5e80000,0x00000007a65001b0,0x00000007a6680000)
  to   space 13312K, 0% used [0x00000007a4c80000,0x00000007a4c80000,0x00000007a5980000)
 ParOldGen       total 51200K, used 26802K [0x0000000740000000, 0x0000000743200000, 0x0000000795580000)
  object space 51200K, 52% used [0x0000000740000000,0x0000000741a2c898,0x0000000743200000)
 Metaspace       used 24319K, capacity 24625K, committed 24832K, reserved 1071104K
  class space    used 2417K, capacity 2517K, committed 2560K, reserved 1048576K
}
Event: 12.436 GC heap before
{Heap before GC invocations=12 (full 1):
 PSYoungGen      total 261120K, used 259563K [0x0000000795580000, 0x00000007a6680000, 0x00000007c0000000)
  eden space 252928K, 99% used [0x0000000795580000,0x00000007a4c7acf8,0x00000007a4c80000)
  from space 8192K, 81% used [0x00000007a5e80000,0x00000007a65001b0,0x00000007a6680000)
  to   space 13312K, 0% used [0x00000007a4c80000,0x00000007a4c80000,0x00000007a5980000)
 ParOldGen       total 51200K, used 26802K [0x0000000740000000, 0x0000000743200000, 0x0000000795580000)
  object space 51200K, 52% used [0x0000000740000000,0x0000000741a2c898,0x0000000743200000)
 Metaspace       used 24377K, capacity 24625K, committed 24832K, reserved 1071104K
  class space    used 2417K, capacity 2517K, committed 2560K, reserved 1048576K
Event: 12.444 GC heap after
Heap after GC invocations=12 (full 1):
 PSYoungGen      total 266240K, used 4032K [0x0000000795580000, 0x00000007ac100000, 0x00000007c0000000)
  eden space 252928K, 0% used [0x0000000795580000,0x0000000795580000,0x00000007a4c80000)
  from space 13312K, 30% used [0x00000007a4c80000,0x00000007a50700f0,0x00000007a5980000)
  to   space 13312K, 0% used [0x00000007ab400000,0x00000007ab400000,0x00000007ac100000)
 ParOldGen       total 51200K, used 33322K [0x0000000740000000, 0x0000000743200000, 0x0000000795580000)
  object space 51200K, 65% used [0x0000000740000000,0x000000074208aa88,0x0000000743200000)
 Metaspace       used 24377K, capacity 24625K, committed 24832K, reserved 1071104K
  class space    used 2417K, capacity 2517K, committed 2560K, reserved 1048576K
}
Event: 13.707 GC heap before
{Heap before GC invocations=13 (full 1):
 PSYoungGen      total 266240K, used 256960K [0x0000000795580000, 0x00000007ac100000, 0x00000007c0000000)
  eden space 252928K, 100% used [0x0000000795580000,0x00000007a4c80000,0x00000007a4c80000)
  from space 13312K, 30% used [0x00000007a4c80000,0x00000007a50700f0,0x00000007a5980000)
  to   space 13312K, 0% used [0x00000007ab400000,0x00000007ab400000,0x00000007ac100000)
 ParOldGen       total 51200K, used 33322K [0x0000000740000000, 0x0000000743200000, 0x0000000795580000)
  object space 51200K, 65% used [0x0000000740000000,0x000000074208aa88,0x0000000743200000)
 Metaspace       used 24431K, capacity 24689K, committed 24832K, reserved 1071104K
  class space    used 2417K, capacity 2517K, committed 2560K, reserved 1048576K
Event: 13.713 GC heap after
Heap after GC invocations=13 (full 1):
 PSYoungGen      total 347648K, used 1472K [0x0000000795580000, 0x00000007abb80000, 0x00000007c0000000)
  eden space 339968K, 0% used [0x0000000795580000,0x0000000795580000,0x00000007aa180000)
  from space 7680K, 19% used [0x00000007ab400000,0x00000007ab570050,0x00000007abb80000)
  to   space 13312K, 0% used [0x00000007aa180000,0x00000007aa180000,0x00000007aae80000)
 ParOldGen       total 51200K, used 36178K [0x0000000740000000, 0x0000000743200000, 0x0000000795580000)
  object space 51200K, 70% used [0x0000000740000000,0x0000000742354b38,0x0000000743200000)
 Metaspace       used 24431K, capacity 24689K, committed 24832K, reserved 1071104K
  class space    used 2417K, capacity 2517K, committed 2560K, reserved 1048576K
}
Event: 15.622 GC heap before
{Heap before GC invocations=14 (full 1):
 PSYoungGen      total 347648K, used 341440K [0x0000000795580000, 0x00000007abb80000, 0x00000007c0000000)
  eden space 339968K, 100% used [0x0000000795580000,0x00000007aa180000,0x00000007aa180000)
  from space 7680K, 19% used [0x00000007ab400000,0x00000007ab570050,0x00000007abb80000)
  to   space 13312K, 0% used [0x00000007aa180000,0x00000007aa180000,0x00000007aae80000)
 ParOldGen       total 51200K, used 36178K [0x0000000740000000, 0x0000000743200000, 0x0000000795580000)
  object space 51200K, 70% used [0x0000000740000000,0x0000000742354b38,0x0000000743200000)
 Metaspace       used 24534K, capacity 24753K, committed 25088K, reserved 1071104K
  class space    used 2417K, capacity 2517K, committed 2560K, reserved 1048576K
Event: 15.624 GC heap after
Heap after GC invocations=14 (full 1):
 PSYoungGen      total 353280K, used 160K [0x0000000795580000, 0x00000007b2280000, 0x00000007c0000000)
  eden space 339968K, 0% used [0x0000000795580000,0x0000000795580000,0x00000007aa180000)
  from space 13312K, 1% used [0x00000007aa180000,0x00000007aa1a8000,0x00000007aae80000)
  to   space 13824K, 0% used [0x00000007b1500000,0x00000007b1500000,0x00000007b2280000)
 ParOldGen       total 51200K, used 37533K [0x0000000740000000, 0x0000000743200000, 0x0000000795580000)
  object space 51200K, 73% used [0x0000000740000000,0x00000007424a7428,0x0000000743200000)
 Metaspace       used 24534K, capacity 24753K, committed 25088K, reserved 1071104K
  class space    used 2417K, capacity 2517K, committed 2560K, reserved 1048576K
}
Event: 17.143 GC heap before
{Heap before GC invocations=15 (full 1):
 PSYoungGen      total 353280K, used 340128K [0x0000000795580000, 0x00000007b2280000, 0x00000007c0000000)
  eden space 339968K, 100% used [0x0000000795580000,0x00000007aa180000,0x00000007aa180000)
  from space 13312K, 1% used [0x00000007aa180000,0x00000007aa1a8000,0x00000007aae80000)
  to   space 13824K, 0% used [0x00000007b1500000,0x00000007b1500000,0x00000007b2280000)
 ParOldGen       total 51200K, used 37533K [0x0000000740000000, 0x0000000743200000, 0x0000000795580000)
  object space 51200K, 73% used [0x0000000740000000,0x00000007424a7428,0x0000000743200000)
 Metaspace       used 24593K, capacity 24881K, committed 25088K, reserved 1071104K
  class space    used 2417K, capacity 2517K, committed 2560K, reserved 1048576K
Event: 17.146 GC heap after
Heap after GC invocations=15 (full 1):
 PSYoungGen      total 437760K, used 384K [0x0000000795580000, 0x00000007b1880000, 0x00000007c0000000)
  eden space 434176K, 0% used [0x0000000795580000,0x0000000795580000,0x00000007afd80000)
  from space 3584K, 10% used [0x00000007b1500000,0x00000007b1560010,0x00000007b1880000)
  to   space 13824K, 0% used [0x00000007afd80000,0x00000007afd80000,0x00000007b0b00000)
 ParOldGen       total 51200K, used 37581K [0x0000000740000000, 0x0000000743200000, 0x0000000795580000)
  object space 51200K, 73% used [0x0000000740000000,0x00000007424b3428,0x0000000743200000)
 Metaspace       used 24593K, capacity 24881K, committed 25088K, reserved 1071104K
  class space    used 2417K, capacity 2517K, committed 2560K, reserved 1048576K
}

