# JRE version: Java(TM) SE Runtime Environment (8.0_111-b14) (build 1.8.0_111-b14)
# Java VM: Java HotSpot(TM) 64-Bit Server VM (25.111-b14 mixed mode bsd-amd64 compressed oops)
Heap:
 PSYoungGen      total 109056K, used 71101K [0x0000000795580000, 0x00000007a0600000, 0x00000007c0000000)
  eden space 94720K, 69% used [0x0000000795580000,0x00000007995833d8,0x000000079b200000)
  from space 14336K, 38% used [0x000000079b200000,0x000000079b76c3d0,0x000000079c000000)
  to   space 14336K, 0% used [0x000000079f800000,0x000000079f800000,0x00000007a0600000)
 ParOldGen       total 54272K, used 21559K [0x0000000740000000, 0x0000000743500000, 0x0000000795580000)
  object space 54272K, 39% used [0x0000000740000000,0x000000074150dc68,0x0000000743500000)
 Metaspace       used 24175K, capacity 24431K, committed 24576K, reserved 1071104K
  class space    used 2422K, capacity 2516K, committed 2560K, reserved 1048576K
GC Heap History (10 events):
Event: 3.545 GC heap before
{Heap before GC invocations=4 (full 1):
 PSYoungGen      total 38400K, used 5118K [0x0000000795580000, 0x000000079a080000, 0x00000007c0000000)
  eden space 33280K, 0% used [0x0000000795580000,0x0000000795580000,0x0000000797600000)
  from space 5120K, 99% used [0x0000000797600000,0x0000000797aff938,0x0000000797b00000)
  to   space 5120K, 0% used [0x0000000799b80000,0x0000000799b80000,0x000000079a080000)
 ParOldGen       total 87552K, used 4182K [0x0000000740000000, 0x0000000745580000, 0x0000000795580000)
  object space 87552K, 4% used [0x0000000740000000,0x0000000740415b90,0x0000000745580000)
 Metaspace       used 20900K, capacity 21139K, committed 21248K, reserved 1069056K
  class space    used 2150K, capacity 2256K, committed 2304K, reserved 1048576K
Event: 3.577 GC heap after
Heap after GC invocations=4 (full 1):
 PSYoungGen      total 38400K, used 0K [0x0000000795580000, 0x000000079a080000, 0x00000007c0000000)
  eden space 33280K, 0% used [0x0000000795580000,0x0000000795580000,0x0000000797600000)
  from space 5120K, 0% used [0x0000000797600000,0x0000000797600000,0x0000000797b00000)
  to   space 5120K, 0% used [0x0000000799b80000,0x0000000799b80000,0x000000079a080000)
 ParOldGen       total 54272K, used 7626K [0x0000000740000000, 0x0000000743500000, 0x0000000795580000)
  object space 54272K, 14% used [0x0000000740000000,0x00000007407729f0,0x0000000743500000)
 Metaspace       used 20900K, capacity 21139K, committed 21248K, reserved 1069056K
  class space    used 2150K, capacity 2256K, committed 2304K, reserved 1048576K
}
Event: 5.385 GC heap before
{Heap before GC invocations=5 (full 1):
 PSYoungGen      total 38400K, used 33280K [0x0000000795580000, 0x000000079a080000, 0x00000007c0000000)
  eden space 33280K, 100% used [0x0000000795580000,0x0000000797600000,0x0000000797600000)
  from space 5120K, 0% used [0x0000000797600000,0x0000000797600000,0x0000000797b00000)
  to   space 5120K, 0% used [0x0000000799b80000,0x0000000799b80000,0x000000079a080000)
 ParOldGen       total 54272K, used 7626K [0x0000000740000000, 0x0000000743500000, 0x0000000795580000)
  object space 54272K, 14% used [0x0000000740000000,0x00000007407729f0,0x0000000743500000)
 Metaspace       used 23761K, capacity 24041K, committed 24320K, reserved 1071104K
  class space    used 2412K, capacity 2515K, committed 2560K, reserved 1048576K
Event: 5.395 GC heap after
Heap after GC invocations=5 (full 1):
 PSYoungGen      total 61440K, used 5115K [0x0000000795580000, 0x000000079a080000, 0x00000007c0000000)
  eden space 56320K, 0% used [0x0000000795580000,0x0000000795580000,0x0000000798c80000)
  from space 5120K, 99% used [0x0000000799b80000,0x000000079a07ed90,0x000000079a080000)
  to   space 5120K, 0% used [0x0000000799680000,0x0000000799680000,0x0000000799b80000)
 ParOldGen       total 54272K, used 16766K [0x0000000740000000, 0x0000000743500000, 0x0000000795580000)
  object space 54272K, 30% used [0x0000000740000000,0x000000074105fa40,0x0000000743500000)
 Metaspace       used 23761K, capacity 24041K, committed 24320K, reserved 1071104K
  class space    used 2412K, capacity 2515K, committed 2560K, reserved 1048576K
}
Event: 5.902 GC heap before
{Heap before GC invocations=6 (full 1):
 PSYoungGen      total 61440K, used 61435K [0x0000000795580000, 0x000000079a080000, 0x00000007c0000000)
  eden space 56320K, 100% used [0x0000000795580000,0x0000000798c80000,0x0000000798c80000)
  from space 5120K, 99% used [0x0000000799b80000,0x000000079a07ed90,0x000000079a080000)
  to   space 5120K, 0% used [0x0000000799680000,0x0000000799680000,0x0000000799b80000)
 ParOldGen       total 54272K, used 16766K [0x0000000740000000, 0x0000000743500000, 0x0000000795580000)
  object space 54272K, 30% used [0x0000000740000000,0x000000074105fa40,0x0000000743500000)
 Metaspace       used 23997K, capacity 24297K, committed 24576K, reserved 1071104K
  class space    used 2412K, capacity 2515K, committed 2560K, reserved 1048576K
Event: 5.909 GC heap after
Heap after GC invocations=6 (full 1):
 PSYoungGen      total 71680K, used 5104K [0x0000000795580000, 0x000000079ce80000, 0x00000007c0000000)
  eden space 66560K, 0% used [0x0000000795580000,0x0000000795580000,0x0000000799680000)
  from space 5120K, 99% used [0x0000000799680000,0x0000000799b7c3c0,0x0000000799b80000)
  to   space 14848K, 0% used [0x000000079c000000,0x000000079c000000,0x000000079ce80000)
 ParOldGen       total 54272K, used 21543K [0x0000000740000000, 0x0000000743500000, 0x0000000795580000)
  object space 54272K, 39% used [0x0000000740000000,0x0000000741509c68,0x0000000743500000)
 Metaspace       used 23997K, capacity 24297K, committed 24576K, reserved 1071104K
  class space    used 2412K, capacity 2515K, committed 2560K, reserved 1048576K
}
Event: 6.422 GC heap before
{Heap before GC invocations=7 (full 1):
 PSYoungGen      total 71680K, used 71664K [0x0000000795580000, 0x000000079ce80000, 0x00000007c0000000)
  eden space 66560K, 100% used [0x0000000795580000,0x0000000799680000,0x0000000799680000)
  from space 5120K, 99% used [0x0000000799680000,0x0000000799b7c3c0,0x0000000799b80000)
  to   space 14848K, 0% used [0x000000079c000000,0x000000079c000000,0x000000079ce80000)
 ParOldGen       total 54272K, used 21543K [0x0000000740000000, 0x0000000743500000, 0x0000000795580000)
  object space 54272K, 39% used [0x0000000740000000,0x0000000741509c68,0x0000000743500000)
 Metaspace       used 24044K, capacity 24303K, committed 24576K, reserved 1071104K
  class space    used 2413K, capacity 2516K, committed 2560K, reserved 1048576K
Event: 6.426 GC heap after
Heap after GC invocations=7 (full 1):
 PSYoungGen      total 109568K, used 5552K [0x0000000795580000, 0x000000079dc00000, 0x00000007c0000000)
  eden space 94720K, 0% used [0x0000000795580000,0x0000000795580000,0x000000079b200000)
  from space 14848K, 37% used [0x000000079c000000,0x000000079c56c3d0,0x000000079ce80000)
  to   space 14336K, 0% used [0x000000079b200000,0x000000079b200000,0x000000079c000000)
 ParOldGen       total 54272K, used 21551K [0x0000000740000000, 0x0000000743500000, 0x0000000795580000)
  object space 54272K, 39% used [0x0000000740000000,0x000000074150bc68,0x0000000743500000)
 Metaspace       used 24044K, capacity 24303K, committed 24576K, reserved 1071104K
  class space    used 2413K, capacity 2516K, committed 2560K, reserved 1048576K
}
Event: 7.170 GC heap before
{Heap before GC invocations=8 (full 1):
 PSYoungGen      total 109568K, used 100272K [0x0000000795580000, 0x000000079dc00000, 0x00000007c0000000)
  eden space 94720K, 100% used [0x0000000795580000,0x000000079b200000,0x000000079b200000)
  from space 14848K, 37% used [0x000000079c000000,0x000000079c56c3d0,0x000000079ce80000)
  to   space 14336K, 0% used [0x000000079b200000,0x000000079b200000,0x000000079c000000)
 ParOldGen       total 54272K, used 21551K [0x0000000740000000, 0x0000000743500000, 0x0000000795580000)
  object space 54272K, 39% used [0x0000000740000000,0x000000074150bc68,0x0000000743500000)
 Metaspace       used 24108K, capacity 24367K, committed 24576K, reserved 1071104K
  class space    used 2414K, capacity 2516K, committed 2560K, reserved 1048576K
Event: 7.176 GC heap after
Heap after GC invocations=8 (full 1):
 PSYoungGen      total 109056K, used 5552K [0x0000000795580000, 0x00000007a0600000, 0x00000007c0000000)
  eden space 94720K, 0% used [0x0000000795580000,0x0000000795580000,0x000000079b200000)
  from space 14336K, 38% used [0x000000079b200000,0x000000079b76c3d0,0x000000079c000000)
  to   space 14336K, 0% used [0x000000079f800000,0x000000079f800000,0x00000007a0600000)
 ParOldGen       total 54272K, used 21559K [0x0000000740000000, 0x0000000743500000, 0x0000000795580000)
  object space 54272K, 39% used [0x0000000740000000,0x000000074150dc68,0x0000000743500000)
 Metaspace       used 24108K, capacity 24367K, committed 24576K, reserved 1071104K
  class space    used 2414K, capacity 2516K, committed 2560K, reserved 1048576K
}

