# JRE version: Java(TM) SE Runtime Environment (8.0_111-b14) (build 1.8.0_111-b14)
# Java VM: Java HotSpot(TM) 64-Bit Server VM (25.111-b14 mixed mode bsd-amd64 compressed oops)
Heap:
 PSYoungGen      total 209920K, used 14653K [0x0000000795580000, 0x00000007a6680000, 0x00000007c0000000)
  eden space 196096K, 5% used [0x0000000795580000,0x00000007960af380,0x00000007a1500000)
  from space 13824K, 23% used [0x00000007a1500000,0x00000007a18200c0,0x00000007a2280000)
  to   space 13824K, 0% used [0x00000007a5900000,0x00000007a5900000,0x00000007a6680000)
 ParOldGen       total 54272K, used 32092K [0x0000000740000000, 0x0000000743500000, 0x0000000795580000)
  object space 54272K, 59% used [0x0000000740000000,0x0000000741f571a0,0x0000000743500000)
 Metaspace       used 24357K, capacity 24629K, committed 24832K, reserved 1071104K
  class space    used 2422K, capacity 2517K, committed 2560K, reserved 1048576K
GC Heap History (10 events):
Event: 6.602 GC heap before
{Heap before GC invocations=8 (full 1):
 PSYoungGen      total 109056K, used 100682K [0x0000000795580000, 0x000000079de80000, 0x00000007c0000000)
  eden space 94208K, 100% used [0x0000000795580000,0x000000079b180000,0x000000079b180000)
  from space 14848K, 43% used [0x000000079c000000,0x000000079c652890,0x000000079ce80000)
  to   space 14848K, 0% used [0x000000079b180000,0x000000079b180000,0x000000079c000000)
 ParOldGen       total 54272K, used 22164K [0x0000000740000000, 0x0000000743500000, 0x0000000795580000)
  object space 54272K, 40% used [0x0000000740000000,0x00000007415a5350,0x0000000743500000)
 Metaspace       used 24064K, capacity 24367K, committed 24576K, reserved 1071104K
  class space    used 2414K, capacity 2516K, committed 2560K, reserved 1048576K
Event: 6.607 GC heap after
Heap after GC invocations=8 (full 1):
 PSYoungGen      total 109056K, used 6442K [0x0000000795580000, 0x00000007a0700000, 0x00000007c0000000)
  eden space 94208K, 0% used [0x0000000795580000,0x0000000795580000,0x000000079b180000)
  from space 14848K, 43% used [0x000000079b180000,0x000000079b7ca890,0x000000079c000000)
  to   space 14336K, 0% used [0x000000079f900000,0x000000079f900000,0x00000007a0700000)
 ParOldGen       total 54272K, used 22164K [0x0000000740000000, 0x0000000743500000, 0x0000000795580000)
  object space 54272K, 40% used [0x0000000740000000,0x00000007415a5350,0x0000000743500000)
 Metaspace       used 24064K, capacity 24367K, committed 24576K, reserved 1071104K
  class space    used 2414K, capacity 2516K, committed 2560K, reserved 1048576K
}
Event: 7.230 GC heap before
{Heap before GC invocations=9 (full 1):
 PSYoungGen      total 109056K, used 100650K [0x0000000795580000, 0x00000007a0700000, 0x00000007c0000000)
  eden space 94208K, 100% used [0x0000000795580000,0x000000079b180000,0x000000079b180000)
  from space 14848K, 43% used [0x000000079b180000,0x000000079b7ca890,0x000000079c000000)
  to   space 14336K, 0% used [0x000000079f900000,0x000000079f900000,0x00000007a0700000)
 ParOldGen       total 54272K, used 22164K [0x0000000740000000, 0x0000000743500000, 0x0000000795580000)
  object space 54272K, 40% used [0x0000000740000000,0x00000007415a5350,0x0000000743500000)
 Metaspace       used 24111K, capacity 24373K, committed 24576K, reserved 1071104K
  class space    used 2414K, capacity 2517K, committed 2560K, reserved 1048576K
Event: 7.235 GC heap after
Heap after GC invocations=9 (full 1):
 PSYoungGen      total 162304K, used 2560K [0x0000000795580000, 0x00000007a0500000, 0x00000007c0000000)
  eden space 150016K, 0% used [0x0000000795580000,0x0000000795580000,0x000000079e800000)
  from space 12288K, 20% used [0x000000079f900000,0x000000079fb800b0,0x00000007a0500000)
  to   space 14848K, 0% used [0x000000079e800000,0x000000079e800000,0x000000079f680000)
 ParOldGen       total 54272K, used 26083K [0x0000000740000000, 0x0000000743500000, 0x0000000795580000)
  object space 54272K, 48% used [0x0000000740000000,0x0000000741978ef0,0x0000000743500000)
 Metaspace       used 24111K, capacity 24373K, committed 24576K, reserved 1071104K
  class space    used 2414K, capacity 2517K, committed 2560K, reserved 1048576K
}
Event: 8.026 GC heap before
{Heap before GC invocations=10 (full 1):
 PSYoungGen      total 162304K, used 152576K [0x0000000795580000, 0x00000007a0500000, 0x00000007c0000000)
  eden space 150016K, 100% used [0x0000000795580000,0x000000079e800000,0x000000079e800000)
  from space 12288K, 20% used [0x000000079f900000,0x000000079fb800b0,0x00000007a0500000)
  to   space 14848K, 0% used [0x000000079e800000,0x000000079e800000,0x000000079f680000)
 ParOldGen       total 54272K, used 26083K [0x0000000740000000, 0x0000000743500000, 0x0000000795580000)
  object space 54272K, 48% used [0x0000000740000000,0x0000000741978ef0,0x0000000743500000)
 Metaspace       used 24191K, capacity 24501K, committed 24832K, reserved 1071104K
  class space    used 2414K, capacity 2517K, committed 2560K, reserved 1048576K
Event: 8.029 GC heap after
Heap after GC invocations=10 (full 1):
 PSYoungGen      total 164864K, used 4736K [0x0000000795580000, 0x00000007a3400000, 0x00000007c0000000)
  eden space 150016K, 0% used [0x0000000795580000,0x0000000795580000,0x000000079e800000)
  from space 14848K, 31% used [0x000000079e800000,0x000000079eca0150,0x000000079f680000)
  to   space 14336K, 0% used [0x00000007a2600000,0x00000007a2600000,0x00000007a3400000)
 ParOldGen       total 54272K, used 28523K [0x0000000740000000, 0x0000000743500000, 0x0000000795580000)
  object space 54272K, 52% used [0x0000000740000000,0x0000000741bdafe0,0x0000000743500000)
 Metaspace       used 24191K, capacity 24501K, committed 24832K, reserved 1071104K
  class space    used 2414K, capacity 2517K, committed 2560K, reserved 1048576K
}
Event: 8.690 GC heap before
{Heap before GC invocations=11 (full 1):
 PSYoungGen      total 164864K, used 154752K [0x0000000795580000, 0x00000007a3400000, 0x00000007c0000000)
  eden space 150016K, 100% used [0x0000000795580000,0x000000079e800000,0x000000079e800000)
  from space 14848K, 31% used [0x000000079e800000,0x000000079eca0150,0x000000079f680000)
  to   space 14336K, 0% used [0x00000007a2600000,0x00000007a2600000,0x00000007a3400000)
 ParOldGen       total 54272K, used 28523K [0x0000000740000000, 0x0000000743500000, 0x0000000795580000)
  object space 54272K, 52% used [0x0000000740000000,0x0000000741bdafe0,0x0000000743500000)
 Metaspace       used 24270K, capacity 24501K, committed 24832K, reserved 1071104K
  class space    used 2414K, capacity 2517K, committed 2560K, reserved 1048576K
Event: 8.694 GC heap after
Heap after GC invocations=11 (full 1):
 PSYoungGen      total 206336K, used 6784K [0x0000000795580000, 0x00000007a3000000, 0x00000007c0000000)
  eden space 196096K, 0% used [0x0000000795580000,0x0000000795580000,0x00000007a1500000)
  from space 10240K, 66% used [0x00000007a2600000,0x00000007a2ca01d0,0x00000007a3000000)
  to   space 13824K, 0% used [0x00000007a1500000,0x00000007a1500000,0x00000007a2280000)
 ParOldGen       total 54272K, used 28563K [0x0000000740000000, 0x0000000743500000, 0x0000000795580000)
  object space 54272K, 52% used [0x0000000740000000,0x0000000741be4fe0,0x0000000743500000)
 Metaspace       used 24270K, capacity 24501K, committed 24832K, reserved 1071104K
  class space    used 2414K, capacity 2517K, committed 2560K, reserved 1048576K
}
Event: 9.788 GC heap before
{Heap before GC invocations=12 (full 1):
 PSYoungGen      total 206336K, used 202880K [0x0000000795580000, 0x00000007a3000000, 0x00000007c0000000)
  eden space 196096K, 100% used [0x0000000795580000,0x00000007a1500000,0x00000007a1500000)
  from space 10240K, 66% used [0x00000007a2600000,0x00000007a2ca01d0,0x00000007a3000000)
  to   space 13824K, 0% used [0x00000007a1500000,0x00000007a1500000,0x00000007a2280000)
 ParOldGen       total 54272K, used 28563K [0x0000000740000000, 0x0000000743500000, 0x0000000795580000)
  object space 54272K, 52% used [0x0000000740000000,0x0000000741be4fe0,0x0000000743500000)
 Metaspace       used 24323K, capacity 24629K, committed 24832K, reserved 1071104K
  class space    used 2416K, capacity 2517K, committed 2560K, reserved 1048576K
Event: 9.793 GC heap after
Heap after GC invocations=12 (full 1):
 PSYoungGen      total 209920K, used 3200K [0x0000000795580000, 0x00000007a6680000, 0x00000007c0000000)
  eden space 196096K, 0% used [0x0000000795580000,0x0000000795580000,0x00000007a1500000)
  from space 13824K, 23% used [0x00000007a1500000,0x00000007a18200c0,0x00000007a2280000)
  to   space 13824K, 0% used [0x00000007a5900000,0x00000007a5900000,0x00000007a6680000)
 ParOldGen       total 54272K, used 32092K [0x0000000740000000, 0x0000000743500000, 0x0000000795580000)
  object space 54272K, 59% used [0x0000000740000000,0x0000000741f571a0,0x0000000743500000)
 Metaspace       used 24323K, capacity 24629K, committed 24832K, reserved 1071104K
  class space    used 2416K, capacity 2517K, committed 2560K, reserved 1048576K
}

