# JRE version: Java(TM) SE Runtime Environment (8.0_111-b14) (build 1.8.0_111-b14)
# Java VM: Java HotSpot(TM) 64-Bit Server VM (25.111-b14 mixed mode bsd-amd64 compressed oops)
Heap:
 PSYoungGen      total 71680K, used 22680K [0x0000000795580000, 0x000000079cc80000, 0x00000007c0000000)
  eden space 66560K, 27% used [0x0000000795580000,0x0000000796723070,0x0000000799680000)
  from space 5120K, 90% used [0x0000000799680000,0x0000000799b03368,0x0000000799b80000)
  to   space 14848K, 0% used [0x000000079be00000,0x000000079be00000,0x000000079cc80000)
 ParOldGen       total 54272K, used 19707K [0x0000000740000000, 0x0000000743500000, 0x0000000795580000)
  object space 54272K, 36% used [0x0000000740000000,0x000000074133eeb0,0x0000000743500000)
 Metaspace       used 24074K, capacity 24341K, committed 24576K, reserved 1071104K
  class space    used 2398K, capacity 2485K, committed 2560K, reserved 1048576K
GC Heap History (10 events):
Event: 3.749 GC heap before
{Heap before GC invocations=2 (full 0):
 PSYoungGen      total 38400K, used 38357K [0x0000000795580000, 0x0000000798000000, 0x00000007c0000000)
  eden space 33280K, 100% used [0x0000000795580000,0x0000000797600000,0x0000000797600000)
  from space 5120K, 99% used [0x0000000797600000,0x0000000797af5760,0x0000000797b00000)
  to   space 5120K, 0% used [0x0000000797b00000,0x0000000797b00000,0x0000000798000000)
 ParOldGen       total 87552K, used 8K [0x0000000740000000, 0x0000000745580000, 0x0000000795580000)
  object space 87552K, 0% used [0x0000000740000000,0x0000000740002000,0x0000000745580000)
 Metaspace       used 20568K, capacity 20851K, committed 20992K, reserved 1069056K
  class space    used 2110K, capacity 2224K, committed 2304K, reserved 1048576K
Event: 3.770 GC heap after
Heap after GC invocations=2 (full 0):
 PSYoungGen      total 38400K, used 5104K [0x0000000795580000, 0x0000000798000000, 0x00000007c0000000)
  eden space 33280K, 0% used [0x0000000795580000,0x0000000795580000,0x0000000797600000)
  from space 5120K, 99% used [0x0000000797b00000,0x0000000797ffc070,0x0000000798000000)
  to   space 5120K, 0% used [0x0000000797600000,0x0000000797600000,0x0000000797b00000)
 ParOldGen       total 87552K, used 3718K [0x0000000740000000, 0x0000000745580000, 0x0000000795580000)
  object space 87552K, 4% used [0x0000000740000000,0x00000007403a1a70,0x0000000745580000)
 Metaspace       used 20568K, capacity 20851K, committed 20992K, reserved 1069056K
  class space    used 2110K, capacity 2224K, committed 2304K, reserved 1048576K
}
Event: 3.864 GC heap before
{Heap before GC invocations=3 (full 0):
 PSYoungGen      total 38400K, used 6903K [0x0000000795580000, 0x0000000798000000, 0x00000007c0000000)
  eden space 33280K, 5% used [0x0000000795580000,0x0000000795741df8,0x0000000797600000)
  from space 5120K, 99% used [0x0000000797b00000,0x0000000797ffc070,0x0000000798000000)
  to   space 5120K, 0% used [0x0000000797600000,0x0000000797600000,0x0000000797b00000)
 ParOldGen       total 87552K, used 3718K [0x0000000740000000, 0x0000000745580000, 0x0000000795580000)
  object space 87552K, 4% used [0x0000000740000000,0x00000007403a1a70,0x0000000745580000)
 Metaspace       used 20897K, capacity 21139K, committed 21248K, reserved 1069056K
  class space    used 2142K, capacity 2256K, committed 2304K, reserved 1048576K
Event: 3.870 GC heap after
Heap after GC invocations=3 (full 0):
 PSYoungGen      total 38400K, used 5105K [0x0000000795580000, 0x000000079a080000, 0x00000007c0000000)
  eden space 33280K, 0% used [0x0000000795580000,0x0000000795580000,0x0000000797600000)
  from space 5120K, 99% used [0x0000000797600000,0x0000000797afc4b0,0x0000000797b00000)
  to   space 5120K, 0% used [0x0000000799b80000,0x0000000799b80000,0x000000079a080000)
 ParOldGen       total 87552K, used 3992K [0x0000000740000000, 0x0000000745580000, 0x0000000795580000)
  object space 87552K, 4% used [0x0000000740000000,0x00000007403e6328,0x0000000745580000)
 Metaspace       used 20897K, capacity 21139K, committed 21248K, reserved 1069056K
  class space    used 2142K, capacity 2256K, committed 2304K, reserved 1048576K
}
Event: 3.870 GC heap before
{Heap before GC invocations=4 (full 1):
 PSYoungGen      total 38400K, used 5105K [0x0000000795580000, 0x000000079a080000, 0x00000007c0000000)
  eden space 33280K, 0% used [0x0000000795580000,0x0000000795580000,0x0000000797600000)
  from space 5120K, 99% used [0x0000000797600000,0x0000000797afc4b0,0x0000000797b00000)
  to   space 5120K, 0% used [0x0000000799b80000,0x0000000799b80000,0x000000079a080000)
 ParOldGen       total 87552K, used 3992K [0x0000000740000000, 0x0000000745580000, 0x0000000795580000)
  object space 87552K, 4% used [0x0000000740000000,0x00000007403e6328,0x0000000745580000)
 Metaspace       used 20897K, capacity 21139K, committed 21248K, reserved 1069056K
  class space    used 2142K, capacity 2256K, committed 2304K, reserved 1048576K
Event: 3.906 GC heap after
Heap after GC invocations=4 (full 1):
 PSYoungGen      total 38400K, used 0K [0x0000000795580000, 0x000000079a080000, 0x00000007c0000000)
  eden space 33280K, 0% used [0x0000000795580000,0x0000000795580000,0x0000000797600000)
  from space 5120K, 0% used [0x0000000797600000,0x0000000797600000,0x0000000797b00000)
  to   space 5120K, 0% used [0x0000000799b80000,0x0000000799b80000,0x000000079a080000)
 ParOldGen       total 54272K, used 7359K [0x0000000740000000, 0x0000000743500000, 0x0000000795580000)
  object space 54272K, 13% used [0x0000000740000000,0x000000074072fe50,0x0000000743500000)
 Metaspace       used 20897K, capacity 21139K, committed 21248K, reserved 1069056K
  class space    used 2142K, capacity 2256K, committed 2304K, reserved 1048576K
}
Event: 5.439 GC heap before
{Heap before GC invocations=5 (full 1):
 PSYoungGen      total 38400K, used 33280K [0x0000000795580000, 0x000000079a080000, 0x00000007c0000000)
  eden space 33280K, 100% used [0x0000000795580000,0x0000000797600000,0x0000000797600000)
  from space 5120K, 0% used [0x0000000797600000,0x0000000797600000,0x0000000797b00000)
  to   space 5120K, 0% used [0x0000000799b80000,0x0000000799b80000,0x000000079a080000)
 ParOldGen       total 54272K, used 7359K [0x0000000740000000, 0x0000000743500000, 0x0000000795580000)
  object space 54272K, 13% used [0x0000000740000000,0x000000074072fe50,0x0000000743500000)
 Metaspace       used 23634K, capacity 23945K, committed 24320K, reserved 1071104K
  class space    used 2388K, capacity 2483K, committed 2560K, reserved 1048576K
Event: 5.448 GC heap after
Heap after GC invocations=5 (full 1):
 PSYoungGen      total 61440K, used 5110K [0x0000000795580000, 0x000000079a080000, 0x00000007c0000000)
  eden space 56320K, 0% used [0x0000000795580000,0x0000000795580000,0x0000000798c80000)
  from space 5120K, 99% used [0x0000000799b80000,0x000000079a07da88,0x000000079a080000)
  to   space 5120K, 0% used [0x0000000799680000,0x0000000799680000,0x0000000799b80000)
 ParOldGen       total 54272K, used 16281K [0x0000000740000000, 0x0000000743500000, 0x0000000795580000)
  object space 54272K, 30% used [0x0000000740000000,0x0000000740fe66c0,0x0000000743500000)
 Metaspace       used 23634K, capacity 23945K, committed 24320K, reserved 1071104K
  class space    used 2388K, capacity 2483K, committed 2560K, reserved 1048576K
}
Event: 7.438 GC heap before
{Heap before GC invocations=6 (full 1):
 PSYoungGen      total 61440K, used 61430K [0x0000000795580000, 0x000000079a080000, 0x00000007c0000000)
  eden space 56320K, 100% used [0x0000000795580000,0x0000000798c80000,0x0000000798c80000)
  from space 5120K, 99% used [0x0000000799b80000,0x000000079a07da88,0x000000079a080000)
  to   space 5120K, 0% used [0x0000000799680000,0x0000000799680000,0x0000000799b80000)
 ParOldGen       total 54272K, used 16281K [0x0000000740000000, 0x0000000743500000, 0x0000000795580000)
  object space 54272K, 30% used [0x0000000740000000,0x0000000740fe66c0,0x0000000743500000)
 Metaspace       used 23956K, capacity 24213K, committed 24576K, reserved 1071104K
  class space    used 2390K, capacity 2485K, committed 2560K, reserved 1048576K
Event: 7.446 GC heap after
Heap after GC invocations=6 (full 1):
 PSYoungGen      total 71680K, used 4620K [0x0000000795580000, 0x000000079cc80000, 0x00000007c0000000)
  eden space 66560K, 0% used [0x0000000795580000,0x0000000795580000,0x0000000799680000)
  from space 5120K, 90% used [0x0000000799680000,0x0000000799b03368,0x0000000799b80000)
  to   space 14848K, 0% used [0x000000079be00000,0x000000079be00000,0x000000079cc80000)
 ParOldGen       total 54272K, used 19707K [0x0000000740000000, 0x0000000743500000, 0x0000000795580000)
  object space 54272K, 36% used [0x0000000740000000,0x000000074133eeb0,0x0000000743500000)
 Metaspace       used 23956K, capacity 24213K, committed 24576K, reserved 1071104K
  class space    used 2390K, capacity 2485K, committed 2560K, reserved 1048576K
}

