# JRE version: Java(TM) SE Runtime Environment (8.0_111-b14) (build 1.8.0_111-b14)
# Java VM: Java HotSpot(TM) 64-Bit Server VM (25.111-b14 mixed mode bsd-amd64 compressed oops)
Heap:
 PSYoungGen      total 304640K, used 178698K [0x0000000795580000, 0x00000007a9080000, 0x00000007c0000000)
  eden space 294912K, 59% used [0x0000000795580000,0x00000007a00d28d0,0x00000007a7580000)
  from space 9728K, 33% used [0x00000007a8700000,0x00000007a8a300c0,0x00000007a9080000)
  to   space 13824K, 0% used [0x00000007a7580000,0x00000007a7580000,0x00000007a8300000)
 ParOldGen       total 53760K, used 31236K [0x0000000740000000, 0x0000000743480000, 0x0000000795580000)
  object space 53760K, 58% used [0x0000000740000000,0x0000000741e81050,0x0000000743480000)
 Metaspace       used 24548K, capacity 24813K, committed 25088K, reserved 1071104K
  class space    used 2420K, capacity 2517K, committed 2560K, reserved 1048576K
GC Heap History (10 events):
Event: 9.775 GC heap before
{Heap before GC invocations=11 (full 1):
 PSYoungGen      total 166400K, used 155008K [0x0000000795580000, 0x00000007a3580000, 0x00000007c0000000)
  eden space 150528K, 100% used [0x0000000795580000,0x000000079e880000,0x000000079e880000)
  from space 15872K, 28% used [0x000000079e880000,0x000000079ece0140,0x000000079f800000)
  to   space 15360K, 0% used [0x00000007a2680000,0x00000007a2680000,0x00000007a3580000)
 ParOldGen       total 53760K, used 27897K [0x0000000740000000, 0x0000000743480000, 0x0000000795580000)
  object space 53760K, 51% used [0x0000000740000000,0x0000000741b3e630,0x0000000743480000)
 Metaspace       used 24276K, capacity 24557K, committed 24832K, reserved 1071104K
  class space    used 2412K, capacity 2517K, committed 2560K, reserved 1048576K
Event: 9.779 GC heap after
Heap after GC invocations=11 (full 1):
 PSYoungGen      total 205824K, used 6464K [0x0000000795580000, 0x00000007a3080000, 0x00000007c0000000)
  eden space 195584K, 0% used [0x0000000795580000,0x0000000795580000,0x00000007a1480000)
  from space 10240K, 63% used [0x00000007a2680000,0x00000007a2cd01a0,0x00000007a3080000)
  to   space 14336K, 0% used [0x00000007a1480000,0x00000007a1480000,0x00000007a2280000)
 ParOldGen       total 53760K, used 27971K [0x0000000740000000, 0x0000000743480000, 0x0000000795580000)
  object space 53760K, 52% used [0x0000000740000000,0x0000000741b50ed0,0x0000000743480000)
 Metaspace       used 24276K, capacity 24557K, committed 24832K, reserved 1071104K
  class space    used 2412K, capacity 2517K, committed 2560K, reserved 1048576K
}
Event: 10.976 GC heap before
{Heap before GC invocations=12 (full 1):
 PSYoungGen      total 205824K, used 202048K [0x0000000795580000, 0x00000007a3080000, 0x00000007c0000000)
  eden space 195584K, 100% used [0x0000000795580000,0x00000007a1480000,0x00000007a1480000)
  from space 10240K, 63% used [0x00000007a2680000,0x00000007a2cd01a0,0x00000007a3080000)
  to   space 14336K, 0% used [0x00000007a1480000,0x00000007a1480000,0x00000007a2280000)
 ParOldGen       total 53760K, used 27971K [0x0000000740000000, 0x0000000743480000, 0x0000000795580000)
  object space 53760K, 52% used [0x0000000740000000,0x0000000741b50ed0,0x0000000743480000)
 Metaspace       used 24348K, capacity 24621K, committed 24832K, reserved 1071104K
  class space    used 2412K, capacity 2517K, committed 2560K, reserved 1048576K
Event: 10.979 GC heap after
Heap after GC invocations=12 (full 1):
 PSYoungGen      total 209920K, used 3232K [0x0000000795580000, 0x00000007a6400000, 0x00000007c0000000)
  eden space 195584K, 0% used [0x0000000795580000,0x0000000795580000,0x00000007a1480000)
  from space 14336K, 22% used [0x00000007a1480000,0x00000007a17a80c0,0x00000007a2280000)
  to   space 14336K, 0% used [0x00000007a5600000,0x00000007a5600000,0x00000007a6400000)
 ParOldGen       total 53760K, used 31212K [0x0000000740000000, 0x0000000743480000, 0x0000000795580000)
  object space 53760K, 58% used [0x0000000740000000,0x0000000741e7b050,0x0000000743480000)
 Metaspace       used 24348K, capacity 24621K, committed 24832K, reserved 1071104K
  class space    used 2412K, capacity 2517K, committed 2560K, reserved 1048576K
}
Event: 11.965 GC heap before
{Heap before GC invocations=13 (full 1):
 PSYoungGen      total 209920K, used 198816K [0x0000000795580000, 0x00000007a6400000, 0x00000007c0000000)
  eden space 195584K, 100% used [0x0000000795580000,0x00000007a1480000,0x00000007a1480000)
  from space 14336K, 22% used [0x00000007a1480000,0x00000007a17a80c0,0x00000007a2280000)
  to   space 14336K, 0% used [0x00000007a5600000,0x00000007a5600000,0x00000007a6400000)
 ParOldGen       total 53760K, used 31212K [0x0000000740000000, 0x0000000743480000, 0x0000000795580000)
  object space 53760K, 58% used [0x0000000740000000,0x0000000741e7b050,0x0000000743480000)
 Metaspace       used 24365K, capacity 24621K, committed 24832K, reserved 1071104K
  class space    used 2412K, capacity 2517K, committed 2560K, reserved 1048576K
Event: 11.968 GC heap after
Heap after GC invocations=13 (full 1):
 PSYoungGen      total 254464K, used 3264K [0x0000000795580000, 0x00000007a6000000, 0x00000007c0000000)
  eden space 244224K, 0% used [0x0000000795580000,0x0000000795580000,0x00000007a4400000)
  from space 10240K, 31% used [0x00000007a5600000,0x00000007a59300c0,0x00000007a6000000)
  to   space 14336K, 0% used [0x00000007a4400000,0x00000007a4400000,0x00000007a5200000)
 ParOldGen       total 53760K, used 31220K [0x0000000740000000, 0x0000000743480000, 0x0000000795580000)
  object space 53760K, 58% used [0x0000000740000000,0x0000000741e7d050,0x0000000743480000)
 Metaspace       used 24365K, capacity 24621K, committed 24832K, reserved 1071104K
  class space    used 2412K, capacity 2517K, committed 2560K, reserved 1048576K
}
Event: 13.288 GC heap before
{Heap before GC invocations=14 (full 1):
 PSYoungGen      total 254464K, used 247488K [0x0000000795580000, 0x00000007a6000000, 0x00000007c0000000)
  eden space 244224K, 100% used [0x0000000795580000,0x00000007a4400000,0x00000007a4400000)
  from space 10240K, 31% used [0x00000007a5600000,0x00000007a59300c0,0x00000007a6000000)
  to   space 14336K, 0% used [0x00000007a4400000,0x00000007a4400000,0x00000007a5200000)
 ParOldGen       total 53760K, used 31220K [0x0000000740000000, 0x0000000743480000, 0x0000000795580000)
  object space 53760K, 58% used [0x0000000740000000,0x0000000741e7d050,0x0000000743480000)
 Metaspace       used 24436K, capacity 24749K, committed 25088K, reserved 1071104K
  class space    used 2412K, capacity 2517K, committed 2560K, reserved 1048576K
Event: 13.291 GC heap after
Heap after GC invocations=14 (full 1):
 PSYoungGen      total 258560K, used 3232K [0x0000000795580000, 0x00000007a9480000, 0x00000007c0000000)
  eden space 244224K, 0% used [0x0000000795580000,0x0000000795580000,0x00000007a4400000)
  from space 14336K, 22% used [0x00000007a4400000,0x00000007a47280c0,0x00000007a5200000)
  to   space 13824K, 0% used [0x00000007a8700000,0x00000007a8700000,0x00000007a9480000)
 ParOldGen       total 53760K, used 31228K [0x0000000740000000, 0x0000000743480000, 0x0000000795580000)
  object space 53760K, 58% used [0x0000000740000000,0x0000000741e7f050,0x0000000743480000)
 Metaspace       used 24436K, capacity 24749K, committed 25088K, reserved 1071104K
  class space    used 2412K, capacity 2517K, committed 2560K, reserved 1048576K
}
Event: 14.550 GC heap before
{Heap before GC invocations=15 (full 1):
 PSYoungGen      total 258560K, used 247456K [0x0000000795580000, 0x00000007a9480000, 0x00000007c0000000)
  eden space 244224K, 100% used [0x0000000795580000,0x00000007a4400000,0x00000007a4400000)
  from space 14336K, 22% used [0x00000007a4400000,0x00000007a47280c0,0x00000007a5200000)
  to   space 13824K, 0% used [0x00000007a8700000,0x00000007a8700000,0x00000007a9480000)
 ParOldGen       total 53760K, used 31228K [0x0000000740000000, 0x0000000743480000, 0x0000000795580000)
  object space 53760K, 58% used [0x0000000740000000,0x0000000741e7f050,0x0000000743480000)
 Metaspace       used 24506K, capacity 24749K, committed 25088K, reserved 1071104K
  class space    used 2412K, capacity 2517K, committed 2560K, reserved 1048576K
Event: 14.554 GC heap after
Heap after GC invocations=15 (full 1):
 PSYoungGen      total 304640K, used 3264K [0x0000000795580000, 0x00000007a9080000, 0x00000007c0000000)
  eden space 294912K, 0% used [0x0000000795580000,0x0000000795580000,0x00000007a7580000)
  from space 9728K, 33% used [0x00000007a8700000,0x00000007a8a300c0,0x00000007a9080000)
  to   space 13824K, 0% used [0x00000007a7580000,0x00000007a7580000,0x00000007a8300000)
 ParOldGen       total 53760K, used 31236K [0x0000000740000000, 0x0000000743480000, 0x0000000795580000)
  object space 53760K, 58% used [0x0000000740000000,0x0000000741e81050,0x0000000743480000)
 Metaspace       used 24506K, capacity 24749K, committed 25088K, reserved 1071104K
  class space    used 2412K, capacity 2517K, committed 2560K, reserved 1048576K
}

